2019-12-19 10:17:33,242 INFO o.a.j.u.JMeterUtils: Setting Locale to en_US
2019-12-19 10:17:33,269 INFO o.a.j.JMeter: Loading user properties from: /Applications/JMeter/bin/user.properties
2019-12-19 10:17:33,270 INFO o.a.j.JMeter: Loading system properties from: /Applications/JMeter/bin/system.properties
2019-12-19 10:17:33,272 INFO o.a.j.JMeter: Copyright (c) 1998-2019 The Apache Software Foundation
2019-12-19 10:17:33,272 INFO o.a.j.JMeter: Version 5.2.1
2019-12-19 10:17:33,272 INFO o.a.j.JMeter: java.version=1.8.0_181
2019-12-19 10:17:33,272 INFO o.a.j.JMeter: java.vm.name=Java HotSpot(TM) 64-Bit Server VM
2019-12-19 10:17:33,272 INFO o.a.j.JMeter: os.name=Mac OS X
2019-12-19 10:17:33,272 INFO o.a.j.JMeter: os.arch=x86_64
2019-12-19 10:17:33,272 INFO o.a.j.JMeter: os.version=10.14.6
2019-12-19 10:17:33,272 INFO o.a.j.JMeter: file.encoding=UTF-8
2019-12-19 10:17:33,272 INFO o.a.j.JMeter: java.awt.headless=null
2019-12-19 10:17:33,272 INFO o.a.j.JMeter: Max memory     =7635730432
2019-12-19 10:17:33,272 INFO o.a.j.JMeter: Available Processors =12
2019-12-19 10:17:33,276 INFO o.a.j.JMeter: Default Locale=English (United States)
2019-12-19 10:17:33,276 INFO o.a.j.JMeter: JMeter  Locale=English (United States)
2019-12-19 10:17:33,276 INFO o.a.j.JMeter: JMeterHome=/Applications/JMeter
2019-12-19 10:17:33,276 INFO o.a.j.JMeter: user.dir  =/Users/michaeldeller/Projects/tpc-poc/server-profiles/pingfederate/instance/server/default/data
2019-12-19 10:17:33,276 INFO o.a.j.JMeter: PWD       =/Users/michaeldeller/Projects/tpc-poc/server-profiles/pingfederate/instance/server/default/data
2019-12-19 10:17:33,288 INFO o.a.j.JMeter: IP: 192.168.1.5 Name: michaeldeller-r FullName: 192.168.1.5
2019-12-19 10:17:34,628 INFO o.a.j.g.a.LookAndFeelCommand: Installing Darcula LAF
2019-12-19 10:17:34,639 INFO o.a.j.g.a.LookAndFeelCommand: Using look and feel: com.bulenkov.darcula.DarculaLaf [Darcula]
2019-12-19 10:17:34,639 INFO o.a.j.JMeter: Setting LAF to: com.bulenkov.darcula.DarculaLaf
2019-12-19 10:17:34,697 INFO o.a.j.JMeter: Loaded icon properties from org/apache/jmeter/images/icon.properties
2019-12-19 10:17:36,418 INFO o.a.j.p.h.s.HTTPSamplerBase: Parser for text/html is org.apache.jmeter.protocol.http.parser.LagartoBasedHtmlParser
2019-12-19 10:17:36,419 INFO o.a.j.p.h.s.HTTPSamplerBase: Parser for application/xhtml+xml is org.apache.jmeter.protocol.http.parser.LagartoBasedHtmlParser
2019-12-19 10:17:36,419 INFO o.a.j.p.h.s.HTTPSamplerBase: Parser for application/xml is org.apache.jmeter.protocol.http.parser.LagartoBasedHtmlParser
2019-12-19 10:17:36,419 INFO o.a.j.p.h.s.HTTPSamplerBase: Parser for text/xml is org.apache.jmeter.protocol.http.parser.LagartoBasedHtmlParser
2019-12-19 10:17:36,419 INFO o.a.j.p.h.s.HTTPSamplerBase: Parser for text/vnd.wap.wml is org.apache.jmeter.protocol.http.parser.RegexpHTMLParser
2019-12-19 10:17:36,419 INFO o.a.j.p.h.s.HTTPSamplerBase: Parser for text/css is org.apache.jmeter.protocol.http.parser.CssParser
2019-12-19 10:17:36,674 INFO o.a.j.e.KeyToolUtils: keytool found at 'keytool'
2019-12-19 10:17:36,675 INFO o.a.j.p.h.p.ProxyControl: HTTP(S) Test Script Recorder SSL Proxy will use keys that support embedded 3rd party resources in file /Applications/JMeter/bin/proxyserver.jks
2019-12-19 10:17:36,773 INFO o.a.j.s.FileServer: Default base='/Users/michaeldeller/Projects/tpc-poc/server-profiles/pingfederate/instance/server/default/data'
2019-12-19 10:17:36,994 INFO o.a.j.s.SampleResult: Note: Sample TimeStamps are START times
2019-12-19 10:17:36,994 INFO o.a.j.s.SampleResult: sampleresult.default.encoding is set to ISO-8859-1
2019-12-19 10:17:36,994 INFO o.a.j.s.SampleResult: sampleresult.useNanoTime=true
2019-12-19 10:17:36,994 INFO o.a.j.s.SampleResult: sampleresult.nanoThreadSleep=5000
2019-12-19 10:17:40,284 INFO o.a.j.g.a.Load: Loading file: /Users/michaeldeller/Projects/tpc-poc/server-profiles/jmeter/opt/apache-jmeter/bin/authorization_code.jmx
2019-12-19 10:17:40,284 INFO o.a.j.s.FileServer: Set new base='/Users/michaeldeller/Projects/tpc-poc/server-profiles/jmeter/opt/apache-jmeter/bin'
2019-12-19 10:17:40,406 INFO o.a.j.s.SaveService: Testplan (JMX) version: 2.2. Testlog (JTL) version: 2.2
2019-12-19 10:17:40,412 INFO o.a.j.s.SaveService: Using SaveService properties file encoding UTF-8
2019-12-19 10:17:40,414 INFO o.a.j.s.SaveService: Using SaveService properties version 5.0
2019-12-19 10:17:40,416 INFO o.a.j.s.SaveService: Loading file: /Users/michaeldeller/Projects/tpc-poc/server-profiles/jmeter/opt/apache-jmeter/bin/authorization_code.jmx
2019-12-19 10:17:40,440 INFO o.a.j.p.h.c.CacheManager: Will only cache the following methods: [GET]
2019-12-19 10:17:40,441 INFO o.a.j.p.h.c.CookieManager: Settings: Delete null: true Check: true Allow variable: true Save: false Prefix: COOKIE_
2019-12-19 10:17:40,574 INFO o.a.j.s.FileServer: Set new base='/Users/michaeldeller/Projects/tpc-poc/server-profiles/jmeter/opt/apache-jmeter/bin'
2019-12-19 10:22:13,133 INFO o.a.j.e.StandardJMeterEngine: Running the test!
2019-12-19 10:22:13,134 INFO o.a.j.s.SampleEvent: List of sample_variables: []
2019-12-19 10:22:13,134 INFO o.a.j.s.SampleEvent: List of sample_variables: []
2019-12-19 10:22:13,136 INFO o.a.j.e.u.CompoundVariable: Note: Function class names must contain the string: '.functions.'
2019-12-19 10:22:13,136 INFO o.a.j.e.u.CompoundVariable: Note: Function class names must not contain the string: '.gui.'
2019-12-19 10:22:13,382 INFO o.a.j.g.u.JMeterMenuBar: setRunning(true, *local*)
2019-12-19 10:22:13,516 INFO o.a.j.e.StandardJMeterEngine: Starting ThreadGroup: 1 : Visitors
2019-12-19 10:22:13,516 INFO o.a.j.e.StandardJMeterEngine: Starting 10 threads for group Visitors.
2019-12-19 10:22:13,516 INFO o.a.j.e.StandardJMeterEngine: Thread will start next loop on error
2019-12-19 10:22:13,516 INFO o.a.j.t.ThreadGroup: Starting thread group... number=1 threads=10 ramp-up=0 delayedStart=false
2019-12-19 10:22:13,522 INFO o.a.j.t.JMeterThread: Thread started: Visitors 1-1
2019-12-19 10:22:13,522 INFO o.a.j.t.JMeterThread: Thread started: Visitors 1-2
2019-12-19 10:22:13,523 INFO o.a.j.t.JMeterThread: Thread started: Visitors 1-3
2019-12-19 10:22:13,524 INFO o.a.j.t.JMeterThread: Thread started: Visitors 1-4
2019-12-19 10:22:13,525 INFO o.a.j.t.JMeterThread: Thread started: Visitors 1-5
2019-12-19 10:22:13,526 INFO o.a.j.t.JMeterThread: Thread started: Visitors 1-6
2019-12-19 10:22:13,526 INFO o.a.j.t.JMeterThread: Thread started: Visitors 1-7
2019-12-19 10:22:13,527 INFO o.a.j.t.JMeterThread: Thread started: Visitors 1-8
2019-12-19 10:22:13,528 INFO o.a.j.t.JMeterThread: Thread started: Visitors 1-9
2019-12-19 10:22:13,529 INFO o.a.j.t.ThreadGroup: Started thread group number 1
2019-12-19 10:22:13,529 INFO o.a.j.e.StandardJMeterEngine: All thread groups have been started
2019-12-19 10:22:13,529 INFO o.a.j.t.JMeterThread: Thread started: Visitors 1-10
2019-12-19 10:22:13,541 INFO o.a.j.p.h.s.HTTPHCAbstractImpl: Local host = michaeldeller-r
2019-12-19 10:22:13,551 INFO o.a.j.p.h.s.HTTPHC4Impl: HTTP request retry count = 0
2019-12-19 10:22:13,759 INFO o.a.j.p.h.s.h.LazyLayeredConnectionSocketFactory: Setting up HTTPS TrustAll Socket Factory
2019-12-19 10:22:13,763 INFO o.a.j.u.JsseSSLManager: Using default SSL protocol: TLS
2019-12-19 10:22:13,763 INFO o.a.j.u.JsseSSLManager: SSL session context: per-thread
2019-12-19 10:22:13,974 INFO o.a.j.u.SSLManager: JmeterKeyStore Location:  type JKS
2019-12-19 10:22:13,975 INFO o.a.j.u.SSLManager: KeyStore created OK
2019-12-19 10:22:13,975 WARN o.a.j.u.SSLManager: Keystore file not found, loading empty keystore
2019-12-19 10:22:15,757 ERROR o.a.j.e.j.j.JMESPathExtractor: Error processing JSON content in Extract Refresh Token, message: Unable to compile expression "$.refresh_token": syntax error token recognition error at: '$' at position 0, syntax error extraneous input '.' expecting {'!', '(', '*', '[', '{', '[?', '@', '`', RAW_STRING, JSON_CONSTANT, NAME, STRING} at position 1
2019-12-19 10:22:15,757 ERROR o.a.j.e.j.j.JMESPathExtractor: Error processing JSON content in Extract Refresh Token, message: Unable to compile expression "$.refresh_token": syntax error token recognition error at: '$' at position 0, syntax error extraneous input '.' expecting {'!', '(', '*', '[', '{', '[?', '@', '`', RAW_STRING, JSON_CONSTANT, NAME, STRING} at position 1
2019-12-19 10:22:15,759 INFO o.a.j.t.JMeterThread: Thread is done: Visitors 1-7
2019-12-19 10:22:15,759 INFO o.a.j.t.JMeterThread: Thread is done: Visitors 1-2
2019-12-19 10:22:15,760 INFO o.a.j.t.JMeterThread: Thread finished: Visitors 1-7
2019-12-19 10:22:15,760 INFO o.a.j.t.JMeterThread: Thread finished: Visitors 1-2
2019-12-19 10:22:16,080 ERROR o.a.j.e.j.j.JMESPathExtractor: Error processing JSON content in Extract Refresh Token, message: Unable to compile expression "$.refresh_token": syntax error token recognition error at: '$' at position 0, syntax error extraneous input '.' expecting {'!', '(', '*', '[', '{', '[?', '@', '`', RAW_STRING, JSON_CONSTANT, NAME, STRING} at position 1
2019-12-19 10:22:16,081 ERROR o.a.j.e.j.j.JMESPathExtractor: Error processing JSON content in Extract Refresh Token, message: Unable to compile expression "$.refresh_token": syntax error token recognition error at: '$' at position 0, syntax error extraneous input '.' expecting {'!', '(', '*', '[', '{', '[?', '@', '`', RAW_STRING, JSON_CONSTANT, NAME, STRING} at position 1
2019-12-19 10:22:16,081 INFO o.a.j.t.JMeterThread: Thread is done: Visitors 1-1
2019-12-19 10:22:16,081 INFO o.a.j.t.JMeterThread: Thread finished: Visitors 1-1
2019-12-19 10:22:16,081 INFO o.a.j.t.JMeterThread: Thread is done: Visitors 1-4
2019-12-19 10:22:16,081 INFO o.a.j.t.JMeterThread: Thread finished: Visitors 1-4
2019-12-19 10:22:16,083 ERROR o.a.j.e.j.j.JMESPathExtractor: Error processing JSON content in Extract Refresh Token, message: Unable to compile expression "$.refresh_token": syntax error token recognition error at: '$' at position 0, syntax error extraneous input '.' expecting {'!', '(', '*', '[', '{', '[?', '@', '`', RAW_STRING, JSON_CONSTANT, NAME, STRING} at position 1
2019-12-19 10:22:16,084 INFO o.a.j.t.JMeterThread: Thread is done: Visitors 1-3
2019-12-19 10:22:16,084 ERROR o.a.j.e.j.j.JMESPathExtractor: Error processing JSON content in Extract Refresh Token, message: Unable to compile expression "$.refresh_token": syntax error token recognition error at: '$' at position 0, syntax error extraneous input '.' expecting {'!', '(', '*', '[', '{', '[?', '@', '`', RAW_STRING, JSON_CONSTANT, NAME, STRING} at position 1
2019-12-19 10:22:16,084 INFO o.a.j.t.JMeterThread: Thread finished: Visitors 1-3
2019-12-19 10:22:16,085 ERROR o.a.j.e.j.j.JMESPathExtractor: Error processing JSON content in Extract Refresh Token, message: Unable to compile expression "$.refresh_token": syntax error token recognition error at: '$' at position 0, syntax error extraneous input '.' expecting {'!', '(', '*', '[', '{', '[?', '@', '`', RAW_STRING, JSON_CONSTANT, NAME, STRING} at position 1
2019-12-19 10:22:16,085 INFO o.a.j.t.JMeterThread: Thread is done: Visitors 1-6
2019-12-19 10:22:16,085 INFO o.a.j.t.JMeterThread: Thread finished: Visitors 1-6
2019-12-19 10:22:16,085 ERROR o.a.j.e.j.j.JMESPathExtractor: Error processing JSON content in Extract Refresh Token, message: Unable to compile expression "$.refresh_token": syntax error token recognition error at: '$' at position 0, syntax error extraneous input '.' expecting {'!', '(', '*', '[', '{', '[?', '@', '`', RAW_STRING, JSON_CONSTANT, NAME, STRING} at position 1
2019-12-19 10:22:16,085 INFO o.a.j.t.JMeterThread: Thread is done: Visitors 1-10
2019-12-19 10:22:16,086 INFO o.a.j.t.JMeterThread: Thread finished: Visitors 1-10
2019-12-19 10:22:16,086 INFO o.a.j.t.JMeterThread: Thread is done: Visitors 1-8
2019-12-19 10:22:16,086 ERROR o.a.j.e.j.j.JMESPathExtractor: Error processing JSON content in Extract Refresh Token, message: Unable to compile expression "$.refresh_token": syntax error token recognition error at: '$' at position 0, syntax error extraneous input '.' expecting {'!', '(', '*', '[', '{', '[?', '@', '`', RAW_STRING, JSON_CONSTANT, NAME, STRING} at position 1
2019-12-19 10:22:16,086 INFO o.a.j.t.JMeterThread: Thread finished: Visitors 1-8
2019-12-19 10:22:16,086 INFO o.a.j.t.JMeterThread: Thread is done: Visitors 1-5
2019-12-19 10:22:16,087 INFO o.a.j.t.JMeterThread: Thread finished: Visitors 1-5
2019-12-19 10:22:16,137 ERROR o.a.j.e.j.j.JMESPathExtractor: Error processing JSON content in Extract Refresh Token, message: Unable to compile expression "$.refresh_token": syntax error token recognition error at: '$' at position 0, syntax error extraneous input '.' expecting {'!', '(', '*', '[', '{', '[?', '@', '`', RAW_STRING, JSON_CONSTANT, NAME, STRING} at position 1
2019-12-19 10:22:16,137 INFO o.a.j.t.JMeterThread: Thread is done: Visitors 1-9
2019-12-19 10:22:16,137 INFO o.a.j.t.JMeterThread: Thread finished: Visitors 1-9
2019-12-19 10:22:16,138 INFO o.a.j.e.StandardJMeterEngine: Notifying test listeners of end of test
2019-12-19 10:22:16,140 INFO o.a.j.g.u.JMeterMenuBar: setRunning(false, *local*)
2019-12-19 10:22:31,321 INFO o.a.j.e.StandardJMeterEngine: Running the test!
2019-12-19 10:22:31,322 INFO o.a.j.s.SampleEvent: List of sample_variables: []
2019-12-19 10:22:31,323 INFO o.a.j.g.u.JMeterMenuBar: setRunning(true, *local*)
2019-12-19 10:22:31,544 INFO o.a.j.e.StandardJMeterEngine: Starting ThreadGroup: 1 : Visitors
2019-12-19 10:22:31,544 INFO o.a.j.e.StandardJMeterEngine: Starting 1 threads for group Visitors.
2019-12-19 10:22:31,544 INFO o.a.j.e.StandardJMeterEngine: Thread will start next loop on error
2019-12-19 10:22:31,545 INFO o.a.j.t.ThreadGroup: Starting thread group... number=1 threads=1 ramp-up=0 delayedStart=false
2019-12-19 10:22:31,545 INFO o.a.j.t.ThreadGroup: Started thread group number 1
2019-12-19 10:22:31,546 INFO o.a.j.e.StandardJMeterEngine: All thread groups have been started
2019-12-19 10:22:31,546 INFO o.a.j.t.JMeterThread: Thread started: Visitors 1-1
2019-12-19 10:22:32,770 ERROR o.a.j.e.j.j.JMESPathExtractor: Error processing JSON content in Extract Refresh Token, message: Unable to compile expression "$.refresh_token": syntax error token recognition error at: '$' at position 0, syntax error extraneous input '.' expecting {'!', '(', '*', '[', '{', '[?', '@', '`', RAW_STRING, JSON_CONSTANT, NAME, STRING} at position 1
2019-12-19 10:22:32,770 INFO o.a.j.t.JMeterThread: Thread is done: Visitors 1-1
2019-12-19 10:22:32,771 INFO o.a.j.t.JMeterThread: Thread finished: Visitors 1-1
2019-12-19 10:22:32,771 INFO o.a.j.e.StandardJMeterEngine: Notifying test listeners of end of test
2019-12-19 10:22:32,771 INFO o.a.j.g.u.JMeterMenuBar: setRunning(false, *local*)
2019-12-19 10:24:51,185 INFO o.a.j.e.StandardJMeterEngine: Running the test!
2019-12-19 10:24:51,186 INFO o.a.j.s.SampleEvent: List of sample_variables: []
2019-12-19 10:24:51,187 INFO o.a.j.g.u.JMeterMenuBar: setRunning(true, *local*)
2019-12-19 10:24:51,371 INFO o.a.j.e.StandardJMeterEngine: Starting ThreadGroup: 1 : Visitors
2019-12-19 10:24:51,371 INFO o.a.j.e.StandardJMeterEngine: Starting 1 threads for group Visitors.
2019-12-19 10:24:51,371 INFO o.a.j.e.StandardJMeterEngine: Thread will start next loop on error
2019-12-19 10:24:51,371 INFO o.a.j.t.ThreadGroup: Starting thread group... number=1 threads=1 ramp-up=0 delayedStart=false
2019-12-19 10:24:51,372 INFO o.a.j.t.ThreadGroup: Started thread group number 1
2019-12-19 10:24:51,372 INFO o.a.j.e.StandardJMeterEngine: All thread groups have been started
2019-12-19 10:24:51,372 INFO o.a.j.t.JMeterThread: Thread started: Visitors 1-1
2019-12-19 10:24:52,853 ERROR o.a.j.e.j.j.JMESPathExtractor: Error processing JSON content in Extract Refresh Token, message: Unable to compile expression "$.refresh_token": syntax error token recognition error at: '$' at position 0, syntax error extraneous input '.' expecting {'!', '(', '*', '[', '{', '[?', '@', '`', RAW_STRING, JSON_CONSTANT, NAME, STRING} at position 1
2019-12-19 10:24:52,853 INFO o.a.j.t.JMeterThread: Thread is done: Visitors 1-1
2019-12-19 10:24:52,853 INFO o.a.j.t.JMeterThread: Thread finished: Visitors 1-1
2019-12-19 10:24:52,854 INFO o.a.j.e.StandardJMeterEngine: Notifying test listeners of end of test
2019-12-19 10:24:52,854 INFO o.a.j.g.u.JMeterMenuBar: setRunning(false, *local*)
2019-12-19 10:26:10,372 INFO o.a.j.e.StandardJMeterEngine: Running the test!
2019-12-19 10:26:10,373 INFO o.a.j.s.SampleEvent: List of sample_variables: []
2019-12-19 10:26:10,374 INFO o.a.j.g.u.JMeterMenuBar: setRunning(true, *local*)
2019-12-19 10:26:10,542 INFO o.a.j.e.StandardJMeterEngine: Starting ThreadGroup: 1 : Visitors
2019-12-19 10:26:10,542 INFO o.a.j.e.StandardJMeterEngine: Starting 1 threads for group Visitors.
2019-12-19 10:26:10,542 INFO o.a.j.e.StandardJMeterEngine: Thread will start next loop on error
2019-12-19 10:26:10,542 INFO o.a.j.t.ThreadGroup: Starting thread group... number=1 threads=1 ramp-up=0 delayedStart=false
2019-12-19 10:26:10,543 INFO o.a.j.t.ThreadGroup: Started thread group number 1
2019-12-19 10:26:10,543 INFO o.a.j.e.StandardJMeterEngine: All thread groups have been started
2019-12-19 10:26:10,543 INFO o.a.j.t.JMeterThread: Thread started: Visitors 1-1
2019-12-19 10:26:11,950 INFO o.a.j.t.JMeterThread: Thread is done: Visitors 1-1
2019-12-19 10:26:11,951 INFO o.a.j.t.JMeterThread: Thread finished: Visitors 1-1
2019-12-19 10:26:11,951 INFO o.a.j.e.StandardJMeterEngine: Notifying test listeners of end of test
2019-12-19 10:26:11,951 INFO o.a.j.g.u.JMeterMenuBar: setRunning(false, *local*)
2019-12-19 10:26:46,655 INFO o.a.j.e.StandardJMeterEngine: Running the test!
2019-12-19 10:26:46,655 INFO o.a.j.s.SampleEvent: List of sample_variables: []
2019-12-19 10:26:46,656 INFO o.a.j.g.u.JMeterMenuBar: setRunning(true, *local*)
2019-12-19 10:26:46,819 INFO o.a.j.e.StandardJMeterEngine: Starting ThreadGroup: 1 : Visitors
2019-12-19 10:26:46,819 INFO o.a.j.e.StandardJMeterEngine: Starting 1 threads for group Visitors.
2019-12-19 10:26:46,820 INFO o.a.j.e.StandardJMeterEngine: Thread will start next loop on error
2019-12-19 10:26:46,820 INFO o.a.j.t.ThreadGroup: Starting thread group... number=1 threads=1 ramp-up=0 delayedStart=false
2019-12-19 10:26:46,820 INFO o.a.j.t.ThreadGroup: Started thread group number 1
2019-12-19 10:26:46,820 INFO o.a.j.e.StandardJMeterEngine: All thread groups have been started
2019-12-19 10:26:46,820 INFO o.a.j.t.JMeterThread: Thread started: Visitors 1-1
2019-12-19 10:26:48,155 INFO o.a.j.t.JMeterThread: Thread is done: Visitors 1-1
2019-12-19 10:26:48,155 INFO o.a.j.t.JMeterThread: Thread finished: Visitors 1-1
2019-12-19 10:26:48,155 INFO o.a.j.e.StandardJMeterEngine: Notifying test listeners of end of test
2019-12-19 10:26:48,155 INFO o.a.j.g.u.JMeterMenuBar: setRunning(false, *local*)
2019-12-19 10:30:09,758 INFO o.a.j.e.StandardJMeterEngine: Running the test!
2019-12-19 10:30:09,758 INFO o.a.j.s.SampleEvent: List of sample_variables: []
2019-12-19 10:30:09,759 INFO o.a.j.g.u.JMeterMenuBar: setRunning(true, *local*)
2019-12-19 10:30:09,909 INFO o.a.j.e.StandardJMeterEngine: Starting ThreadGroup: 1 : Visitors
2019-12-19 10:30:09,910 INFO o.a.j.e.StandardJMeterEngine: Starting 1 threads for group Visitors.
2019-12-19 10:30:09,910 INFO o.a.j.e.StandardJMeterEngine: Thread will start next loop on error
2019-12-19 10:30:09,910 INFO o.a.j.t.ThreadGroup: Starting thread group... number=1 threads=1 ramp-up=0 delayedStart=false
2019-12-19 10:30:09,910 INFO o.a.j.t.ThreadGroup: Started thread group number 1
2019-12-19 10:30:09,910 INFO o.a.j.e.StandardJMeterEngine: All thread groups have been started
2019-12-19 10:30:09,911 INFO o.a.j.t.JMeterThread: Thread started: Visitors 1-1
2019-12-19 10:30:11,832 INFO o.a.j.t.JMeterThread: Thread is done: Visitors 1-1
2019-12-19 10:30:11,832 INFO o.a.j.t.JMeterThread: Thread finished: Visitors 1-1
2019-12-19 10:30:11,833 INFO o.a.j.e.StandardJMeterEngine: Notifying test listeners of end of test
2019-12-19 10:30:11,833 INFO o.a.j.g.u.JMeterMenuBar: setRunning(false, *local*)
2019-12-19 10:31:10,650 INFO o.a.j.e.StandardJMeterEngine: Running the test!
2019-12-19 10:31:10,651 INFO o.a.j.s.SampleEvent: List of sample_variables: []
2019-12-19 10:31:10,651 INFO o.a.j.g.u.JMeterMenuBar: setRunning(true, *local*)
2019-12-19 10:31:10,760 INFO o.a.j.e.StandardJMeterEngine: Starting ThreadGroup: 1 : Visitors
2019-12-19 10:31:10,760 INFO o.a.j.e.StandardJMeterEngine: Starting 1 threads for group Visitors.
2019-12-19 10:31:10,760 INFO o.a.j.e.StandardJMeterEngine: Thread will start next loop on error
2019-12-19 10:31:10,760 INFO o.a.j.t.ThreadGroup: Starting thread group... number=1 threads=1 ramp-up=0 delayedStart=false
2019-12-19 10:31:10,761 INFO o.a.j.t.ThreadGroup: Started thread group number 1
2019-12-19 10:31:10,761 INFO o.a.j.e.StandardJMeterEngine: All thread groups have been started
2019-12-19 10:31:10,761 INFO o.a.j.t.JMeterThread: Thread started: Visitors 1-1
2019-12-19 10:31:12,758 INFO o.a.j.t.JMeterThread: Thread is done: Visitors 1-1
2019-12-19 10:31:12,758 INFO o.a.j.t.JMeterThread: Thread finished: Visitors 1-1
2019-12-19 10:31:12,759 INFO o.a.j.e.StandardJMeterEngine: Notifying test listeners of end of test
2019-12-19 10:31:12,759 INFO o.a.j.g.u.JMeterMenuBar: setRunning(false, *local*)
2019-12-19 10:32:00,070 INFO o.a.j.e.StandardJMeterEngine: Running the test!
2019-12-19 10:32:00,071 INFO o.a.j.s.SampleEvent: List of sample_variables: []
2019-12-19 10:32:00,072 INFO o.a.j.g.u.JMeterMenuBar: setRunning(true, *local*)
2019-12-19 10:32:00,201 INFO o.a.j.e.StandardJMeterEngine: Starting ThreadGroup: 1 : Visitors
2019-12-19 10:32:00,201 INFO o.a.j.e.StandardJMeterEngine: Starting 1 threads for group Visitors.
2019-12-19 10:32:00,202 INFO o.a.j.e.StandardJMeterEngine: Thread will start next loop on error
2019-12-19 10:32:00,202 INFO o.a.j.t.ThreadGroup: Starting thread group... number=1 threads=1 ramp-up=0 delayedStart=false
2019-12-19 10:32:00,202 INFO o.a.j.t.ThreadGroup: Started thread group number 1
2019-12-19 10:32:00,202 INFO o.a.j.e.StandardJMeterEngine: All thread groups have been started
2019-12-19 10:32:00,202 INFO o.a.j.t.JMeterThread: Thread started: Visitors 1-1
2019-12-19 10:32:03,549 INFO o.a.j.t.JMeterThread: Thread is done: Visitors 1-1
2019-12-19 10:32:03,549 INFO o.a.j.t.JMeterThread: Thread finished: Visitors 1-1
2019-12-19 10:32:03,550 INFO o.a.j.e.StandardJMeterEngine: Notifying test listeners of end of test
2019-12-19 10:32:03,550 INFO o.a.j.g.u.JMeterMenuBar: setRunning(false, *local*)
2019-12-19 10:32:31,514 INFO o.a.j.e.StandardJMeterEngine: Running the test!
2019-12-19 10:32:31,515 INFO o.a.j.s.SampleEvent: List of sample_variables: []
2019-12-19 10:32:31,515 INFO o.a.j.g.u.JMeterMenuBar: setRunning(true, *local*)
2019-12-19 10:32:31,618 INFO o.a.j.e.StandardJMeterEngine: Starting ThreadGroup: 1 : Visitors
2019-12-19 10:32:31,618 INFO o.a.j.e.StandardJMeterEngine: Starting 1 threads for group Visitors.
2019-12-19 10:32:31,618 INFO o.a.j.e.StandardJMeterEngine: Thread will start next loop on error
2019-12-19 10:32:31,618 INFO o.a.j.t.ThreadGroup: Starting thread group... number=1 threads=1 ramp-up=0 delayedStart=false
2019-12-19 10:32:31,618 INFO o.a.j.t.ThreadGroup: Started thread group number 1
2019-12-19 10:32:31,618 INFO o.a.j.e.StandardJMeterEngine: All thread groups have been started
2019-12-19 10:32:31,619 INFO o.a.j.t.JMeterThread: Thread started: Visitors 1-1
2019-12-19 10:32:34,754 INFO o.a.j.t.JMeterThread: Thread is done: Visitors 1-1
2019-12-19 10:32:34,754 INFO o.a.j.t.JMeterThread: Thread finished: Visitors 1-1
2019-12-19 10:32:34,755 INFO o.a.j.e.StandardJMeterEngine: Notifying test listeners of end of test
2019-12-19 10:32:34,755 INFO o.a.j.g.u.JMeterMenuBar: setRunning(false, *local*)
2019-12-19 10:35:23,933 INFO o.a.j.e.StandardJMeterEngine: Running the test!
2019-12-19 10:35:23,933 INFO o.a.j.s.SampleEvent: List of sample_variables: []
2019-12-19 10:35:23,936 INFO o.a.j.v.b.BackendListener: Backend Listener: Starting worker with class: class org.apache.jmeter.visualizers.backend.influxdb.InfluxdbBackendListenerClient and queue capacity: 5000
2019-12-19 10:35:23,937 INFO o.a.j.v.b.BackendListener: Backend Listener: Started  worker with class: class org.apache.jmeter.visualizers.backend.influxdb.InfluxdbBackendListenerClient
2019-12-19 10:35:23,981 INFO o.a.j.g.u.JMeterMenuBar: setRunning(true, *local*)
2019-12-19 10:35:24,109 INFO o.a.j.e.StandardJMeterEngine: Starting ThreadGroup: 1 : Visitors
2019-12-19 10:35:24,109 INFO o.a.j.e.StandardJMeterEngine: Starting 1 threads for group Visitors.
2019-12-19 10:35:24,109 INFO o.a.j.e.StandardJMeterEngine: Thread will start next loop on error
2019-12-19 10:35:24,109 INFO o.a.j.t.ThreadGroup: Starting thread group... number=1 threads=1 ramp-up=0 delayedStart=false
2019-12-19 10:35:24,110 INFO o.a.j.t.ThreadGroup: Started thread group number 1
2019-12-19 10:35:24,110 INFO o.a.j.e.StandardJMeterEngine: All thread groups have been started
2019-12-19 10:35:24,110 INFO o.a.j.t.JMeterThread: Thread started: Visitors 1-1
2019-12-19 10:35:25,126 ERROR o.a.j.v.b.i.HttpMetricsSender: failed to send data to influxDB server.
java.net.UnknownHostException: influxdb.tick: nodename nor servname provided, or not known
	at java.net.Inet6AddressImpl.lookupAllHostAddr(Native Method) ~[?:1.8.0_181]
	at java.net.InetAddress$2.lookupAllHostAddr(InetAddress.java:928) ~[?:1.8.0_181]
	at java.net.InetAddress.getAddressesFromNameService(InetAddress.java:1323) ~[?:1.8.0_181]
	at java.net.InetAddress.getAllByName0(InetAddress.java:1276) ~[?:1.8.0_181]
	at java.net.InetAddress.getAllByName(InetAddress.java:1192) ~[?:1.8.0_181]
	at java.net.InetAddress.getAllByName(InetAddress.java:1126) ~[?:1.8.0_181]
	at org.apache.http.impl.conn.SystemDefaultDnsResolver.resolve(SystemDefaultDnsResolver.java:45) ~[httpclient-4.5.10.jar:4.5.10]
	at org.apache.http.impl.nio.conn.PoolingNHttpClientConnectionManager$InternalAddressResolver.resolveRemoteAddress(PoolingNHttpClientConnectionManager.java:664) ~[httpasyncclient-4.1.4.jar:4.1.4]
	at org.apache.http.impl.nio.conn.PoolingNHttpClientConnectionManager$InternalAddressResolver.resolveRemoteAddress(PoolingNHttpClientConnectionManager.java:635) ~[httpasyncclient-4.1.4.jar:4.1.4]
	at org.apache.http.nio.pool.AbstractNIOConnPool.processPendingRequest(AbstractNIOConnPool.java:474) [httpcore-nio-4.4.12.jar:4.4.12]
	at org.apache.http.nio.pool.AbstractNIOConnPool.lease(AbstractNIOConnPool.java:280) [httpcore-nio-4.4.12.jar:4.4.12]
	at org.apache.http.impl.nio.conn.PoolingNHttpClientConnectionManager.requestConnection(PoolingNHttpClientConnectionManager.java:295) [httpasyncclient-4.1.4.jar:4.1.4]
	at org.apache.http.impl.nio.client.AbstractClientExchangeHandler.requestConnection(AbstractClientExchangeHandler.java:377) [httpasyncclient-4.1.4.jar:4.1.4]
	at org.apache.http.impl.nio.client.DefaultClientExchangeHandlerImpl.start(DefaultClientExchangeHandlerImpl.java:129) [httpasyncclient-4.1.4.jar:4.1.4]
	at org.apache.http.impl.nio.client.InternalHttpAsyncClient.execute(InternalHttpAsyncClient.java:141) [httpasyncclient-4.1.4.jar:4.1.4]
	at org.apache.http.impl.nio.client.CloseableHttpAsyncClient.execute(CloseableHttpAsyncClient.java:75) [httpasyncclient-4.1.4.jar:4.1.4]
	at org.apache.http.impl.nio.client.CloseableHttpAsyncClient.execute(CloseableHttpAsyncClient.java:108) [httpasyncclient-4.1.4.jar:4.1.4]
	at org.apache.http.impl.nio.client.CloseableHttpAsyncClient.execute(CloseableHttpAsyncClient.java:92) [httpasyncclient-4.1.4.jar:4.1.4]
	at org.apache.jmeter.visualizers.backend.influxdb.HttpMetricsSender.writeAndSendMetrics(HttpMetricsSender.java:191) [ApacheJMeter_components.jar:5.2.1]
	at org.apache.jmeter.visualizers.backend.influxdb.HttpMetricsSender.writeAndSendMetrics(HttpMetricsSender.java:169) [ApacheJMeter_components.jar:5.2.1]
	at org.apache.jmeter.visualizers.backend.influxdb.InfluxdbBackendListenerClient.sendMetrics(InfluxdbBackendListenerClient.java:169) [ApacheJMeter_components.jar:5.2.1]
	at org.apache.jmeter.visualizers.backend.influxdb.InfluxdbBackendListenerClient.run(InfluxdbBackendListenerClient.java:136) [ApacheJMeter_components.jar:5.2.1]
	at java.util.concurrent.Executors$RunnableAdapter.call(Executors.java:511) [?:1.8.0_181]
	at java.util.concurrent.FutureTask.runAndReset(FutureTask.java:308) [?:1.8.0_181]
	at java.util.concurrent.ScheduledThreadPoolExecutor$ScheduledFutureTask.access$301(ScheduledThreadPoolExecutor.java:180) [?:1.8.0_181]
	at java.util.concurrent.ScheduledThreadPoolExecutor$ScheduledFutureTask.run(ScheduledThreadPoolExecutor.java:294) [?:1.8.0_181]
	at java.util.concurrent.ThreadPoolExecutor.runWorker(ThreadPoolExecutor.java:1149) [?:1.8.0_181]
	at java.util.concurrent.ThreadPoolExecutor$Worker.run(ThreadPoolExecutor.java:624) [?:1.8.0_181]
	at java.lang.Thread.run(Thread.java:748) [?:1.8.0_181]
2019-12-19 10:35:27,386 INFO o.a.j.t.JMeterThread: Thread is done: Visitors 1-1
2019-12-19 10:35:27,387 INFO o.a.j.t.JMeterThread: Thread finished: Visitors 1-1
2019-12-19 10:35:27,387 INFO o.a.j.e.StandardJMeterEngine: Notifying test listeners of end of test
2019-12-19 10:35:27,387 INFO o.a.j.v.b.BackendListener: Worker ended
2019-12-19 10:35:27,389 INFO o.a.j.v.b.i.InfluxdbBackendListenerClient: Sending last metrics
2019-12-19 10:35:27,396 ERROR o.a.j.v.b.i.HttpMetricsSender: failed to send data to influxDB server.
java.net.UnknownHostException: influxdb.tick
	at java.net.InetAddress.getAllByName0(InetAddress.java:1280) ~[?:1.8.0_181]
	at java.net.InetAddress.getAllByName(InetAddress.java:1192) ~[?:1.8.0_181]
	at java.net.InetAddress.getAllByName(InetAddress.java:1126) ~[?:1.8.0_181]
	at org.apache.http.impl.conn.SystemDefaultDnsResolver.resolve(SystemDefaultDnsResolver.java:45) ~[httpclient-4.5.10.jar:4.5.10]
	at org.apache.http.impl.nio.conn.PoolingNHttpClientConnectionManager$InternalAddressResolver.resolveRemoteAddress(PoolingNHttpClientConnectionManager.java:664) ~[httpasyncclient-4.1.4.jar:4.1.4]
	at org.apache.http.impl.nio.conn.PoolingNHttpClientConnectionManager$InternalAddressResolver.resolveRemoteAddress(PoolingNHttpClientConnectionManager.java:635) ~[httpasyncclient-4.1.4.jar:4.1.4]
	at org.apache.http.nio.pool.AbstractNIOConnPool.processPendingRequest(AbstractNIOConnPool.java:474) [httpcore-nio-4.4.12.jar:4.4.12]
	at org.apache.http.nio.pool.AbstractNIOConnPool.lease(AbstractNIOConnPool.java:280) [httpcore-nio-4.4.12.jar:4.4.12]
	at org.apache.http.impl.nio.conn.PoolingNHttpClientConnectionManager.requestConnection(PoolingNHttpClientConnectionManager.java:295) [httpasyncclient-4.1.4.jar:4.1.4]
	at org.apache.http.impl.nio.client.AbstractClientExchangeHandler.requestConnection(AbstractClientExchangeHandler.java:377) [httpasyncclient-4.1.4.jar:4.1.4]
	at org.apache.http.impl.nio.client.DefaultClientExchangeHandlerImpl.start(DefaultClientExchangeHandlerImpl.java:129) [httpasyncclient-4.1.4.jar:4.1.4]
	at org.apache.http.impl.nio.client.InternalHttpAsyncClient.execute(InternalHttpAsyncClient.java:141) [httpasyncclient-4.1.4.jar:4.1.4]
	at org.apache.http.impl.nio.client.CloseableHttpAsyncClient.execute(CloseableHttpAsyncClient.java:75) [httpasyncclient-4.1.4.jar:4.1.4]
	at org.apache.http.impl.nio.client.CloseableHttpAsyncClient.execute(CloseableHttpAsyncClient.java:108) [httpasyncclient-4.1.4.jar:4.1.4]
	at org.apache.http.impl.nio.client.CloseableHttpAsyncClient.execute(CloseableHttpAsyncClient.java:92) [httpasyncclient-4.1.4.jar:4.1.4]
	at org.apache.jmeter.visualizers.backend.influxdb.HttpMetricsSender.writeAndSendMetrics(HttpMetricsSender.java:191) [ApacheJMeter_components.jar:5.2.1]
	at org.apache.jmeter.visualizers.backend.influxdb.HttpMetricsSender.writeAndSendMetrics(HttpMetricsSender.java:169) [ApacheJMeter_components.jar:5.2.1]
	at org.apache.jmeter.visualizers.backend.influxdb.InfluxdbBackendListenerClient.sendMetrics(InfluxdbBackendListenerClient.java:169) [ApacheJMeter_components.jar:5.2.1]
	at org.apache.jmeter.visualizers.backend.influxdb.InfluxdbBackendListenerClient.teardownTest(InfluxdbBackendListenerClient.java:417) [ApacheJMeter_components.jar:5.2.1]
	at org.apache.jmeter.visualizers.backend.BackendListener.testEnded(BackendListener.java:376) [ApacheJMeter_components.jar:5.2.1]
	at org.apache.jmeter.visualizers.backend.BackendListener.testEnded(BackendListener.java:384) [ApacheJMeter_components.jar:5.2.1]
	at org.apache.jmeter.engine.StandardJMeterEngine.notifyTestListenersOfEnd(StandardJMeterEngine.java:218) [ApacheJMeter_core.jar:5.2.1]
	at org.apache.jmeter.engine.StandardJMeterEngine.run(StandardJMeterEngine.java:492) [ApacheJMeter_core.jar:5.2.1]
	at java.lang.Thread.run(Thread.java:748) [?:1.8.0_181]
2019-12-19 10:35:27,396 INFO o.a.j.v.b.i.HttpMetricsSender: Destroying 
2019-12-19 10:35:27,397 ERROR o.a.j.v.b.i.HttpMetricsSender: Error waiting for last request to be send to InfluxDB
java.util.concurrent.ExecutionException: java.net.UnknownHostException: influxdb.tick
	at org.apache.http.concurrent.BasicFuture.getResult(BasicFuture.java:71) ~[httpcore-4.4.12.jar:4.4.12]
	at org.apache.http.concurrent.BasicFuture.get(BasicFuture.java:95) ~[httpcore-4.4.12.jar:4.4.12]
	at org.apache.http.impl.nio.client.FutureWrapper.get(FutureWrapper.java:75) ~[httpasyncclient-4.1.4.jar:4.1.4]
	at org.apache.jmeter.visualizers.backend.influxdb.HttpMetricsSender.destroy(HttpMetricsSender.java:246) [ApacheJMeter_components.jar:5.2.1]
	at org.apache.jmeter.visualizers.backend.influxdb.InfluxdbBackendListenerClient.teardownTest(InfluxdbBackendListenerClient.java:419) [ApacheJMeter_components.jar:5.2.1]
	at org.apache.jmeter.visualizers.backend.BackendListener.testEnded(BackendListener.java:376) [ApacheJMeter_components.jar:5.2.1]
	at org.apache.jmeter.visualizers.backend.BackendListener.testEnded(BackendListener.java:384) [ApacheJMeter_components.jar:5.2.1]
	at org.apache.jmeter.engine.StandardJMeterEngine.notifyTestListenersOfEnd(StandardJMeterEngine.java:218) [ApacheJMeter_core.jar:5.2.1]
	at org.apache.jmeter.engine.StandardJMeterEngine.run(StandardJMeterEngine.java:492) [ApacheJMeter_core.jar:5.2.1]
	at java.lang.Thread.run(Thread.java:748) [?:1.8.0_181]
Caused by: java.net.UnknownHostException: influxdb.tick
	at java.net.InetAddress.getAllByName0(InetAddress.java:1280) ~[?:1.8.0_181]
	at java.net.InetAddress.getAllByName(InetAddress.java:1192) ~[?:1.8.0_181]
	at java.net.InetAddress.getAllByName(InetAddress.java:1126) ~[?:1.8.0_181]
	at org.apache.http.impl.conn.SystemDefaultDnsResolver.resolve(SystemDefaultDnsResolver.java:45) ~[httpclient-4.5.10.jar:4.5.10]
	at org.apache.http.impl.nio.conn.PoolingNHttpClientConnectionManager$InternalAddressResolver.resolveRemoteAddress(PoolingNHttpClientConnectionManager.java:664) ~[httpasyncclient-4.1.4.jar:4.1.4]
	at org.apache.http.impl.nio.conn.PoolingNHttpClientConnectionManager$InternalAddressResolver.resolveRemoteAddress(PoolingNHttpClientConnectionManager.java:635) ~[httpasyncclient-4.1.4.jar:4.1.4]
	at org.apache.http.nio.pool.AbstractNIOConnPool.processPendingRequest(AbstractNIOConnPool.java:474) ~[httpcore-nio-4.4.12.jar:4.4.12]
	at org.apache.http.nio.pool.AbstractNIOConnPool.lease(AbstractNIOConnPool.java:280) ~[httpcore-nio-4.4.12.jar:4.4.12]
	at org.apache.http.impl.nio.conn.PoolingNHttpClientConnectionManager.requestConnection(PoolingNHttpClientConnectionManager.java:295) ~[httpasyncclient-4.1.4.jar:4.1.4]
	at org.apache.http.impl.nio.client.AbstractClientExchangeHandler.requestConnection(AbstractClientExchangeHandler.java:377) ~[httpasyncclient-4.1.4.jar:4.1.4]
	at org.apache.http.impl.nio.client.DefaultClientExchangeHandlerImpl.start(DefaultClientExchangeHandlerImpl.java:129) ~[httpasyncclient-4.1.4.jar:4.1.4]
	at org.apache.http.impl.nio.client.InternalHttpAsyncClient.execute(InternalHttpAsyncClient.java:141) ~[httpasyncclient-4.1.4.jar:4.1.4]
	at org.apache.http.impl.nio.client.CloseableHttpAsyncClient.execute(CloseableHttpAsyncClient.java:75) ~[httpasyncclient-4.1.4.jar:4.1.4]
	at org.apache.http.impl.nio.client.CloseableHttpAsyncClient.execute(CloseableHttpAsyncClient.java:108) ~[httpasyncclient-4.1.4.jar:4.1.4]
	at org.apache.http.impl.nio.client.CloseableHttpAsyncClient.execute(CloseableHttpAsyncClient.java:92) ~[httpasyncclient-4.1.4.jar:4.1.4]
	at org.apache.jmeter.visualizers.backend.influxdb.HttpMetricsSender.writeAndSendMetrics(HttpMetricsSender.java:191) ~[ApacheJMeter_components.jar:5.2.1]
	at org.apache.jmeter.visualizers.backend.influxdb.HttpMetricsSender.writeAndSendMetrics(HttpMetricsSender.java:169) ~[ApacheJMeter_components.jar:5.2.1]
	at org.apache.jmeter.visualizers.backend.influxdb.InfluxdbBackendListenerClient.sendMetrics(InfluxdbBackendListenerClient.java:169) ~[ApacheJMeter_components.jar:5.2.1]
	at org.apache.jmeter.visualizers.backend.influxdb.InfluxdbBackendListenerClient.teardownTest(InfluxdbBackendListenerClient.java:417) ~[ApacheJMeter_components.jar:5.2.1]
	... 5 more
2019-12-19 10:35:27,400 INFO o.a.j.g.u.JMeterMenuBar: setRunning(false, *local*)
2019-12-19 10:35:47,859 INFO o.a.j.e.StandardJMeterEngine: Running the test!
2019-12-19 10:35:47,859 INFO o.a.j.s.SampleEvent: List of sample_variables: []
2019-12-19 10:35:47,860 INFO o.a.j.v.b.BackendListener: Backend Listener: Starting worker with class: class org.apache.jmeter.visualizers.backend.influxdb.InfluxdbBackendListenerClient and queue capacity: 5000
2019-12-19 10:35:47,860 INFO o.a.j.v.b.BackendListener: Backend Listener: Started  worker with class: class org.apache.jmeter.visualizers.backend.influxdb.InfluxdbBackendListenerClient
2019-12-19 10:35:47,862 INFO o.a.j.g.u.JMeterMenuBar: setRunning(true, *local*)
2019-12-19 10:35:47,977 INFO o.a.j.e.StandardJMeterEngine: Starting ThreadGroup: 1 : Visitors
2019-12-19 10:35:47,977 INFO o.a.j.e.StandardJMeterEngine: Starting 1 threads for group Visitors.
2019-12-19 10:35:47,977 INFO o.a.j.e.StandardJMeterEngine: Thread will start next loop on error
2019-12-19 10:35:47,977 INFO o.a.j.t.ThreadGroup: Starting thread group... number=1 threads=1 ramp-up=0 delayedStart=false
2019-12-19 10:35:47,978 INFO o.a.j.t.ThreadGroup: Started thread group number 1
2019-12-19 10:35:47,978 INFO o.a.j.e.StandardJMeterEngine: All thread groups have been started
2019-12-19 10:35:47,978 INFO o.a.j.t.JMeterThread: Thread started: Visitors 1-1
2019-12-19 10:35:47,978 ERROR o.a.j.v.b.i.HttpMetricsSender: failed to send data to influxDB server.
java.net.UnknownHostException: influxdb.tick: nodename nor servname provided, or not known
	at java.net.Inet6AddressImpl.lookupAllHostAddr(Native Method) ~[?:1.8.0_181]
	at java.net.InetAddress$2.lookupAllHostAddr(InetAddress.java:928) ~[?:1.8.0_181]
	at java.net.InetAddress.getAddressesFromNameService(InetAddress.java:1323) ~[?:1.8.0_181]
	at java.net.InetAddress.getAllByName0(InetAddress.java:1276) ~[?:1.8.0_181]
	at java.net.InetAddress.getAllByName(InetAddress.java:1192) ~[?:1.8.0_181]
	at java.net.InetAddress.getAllByName(InetAddress.java:1126) ~[?:1.8.0_181]
	at org.apache.http.impl.conn.SystemDefaultDnsResolver.resolve(SystemDefaultDnsResolver.java:45) ~[httpclient-4.5.10.jar:4.5.10]
	at org.apache.http.impl.nio.conn.PoolingNHttpClientConnectionManager$InternalAddressResolver.resolveRemoteAddress(PoolingNHttpClientConnectionManager.java:664) ~[httpasyncclient-4.1.4.jar:4.1.4]
	at org.apache.http.impl.nio.conn.PoolingNHttpClientConnectionManager$InternalAddressResolver.resolveRemoteAddress(PoolingNHttpClientConnectionManager.java:635) ~[httpasyncclient-4.1.4.jar:4.1.4]
	at org.apache.http.nio.pool.AbstractNIOConnPool.processPendingRequest(AbstractNIOConnPool.java:474) [httpcore-nio-4.4.12.jar:4.4.12]
	at org.apache.http.nio.pool.AbstractNIOConnPool.lease(AbstractNIOConnPool.java:280) [httpcore-nio-4.4.12.jar:4.4.12]
	at org.apache.http.impl.nio.conn.PoolingNHttpClientConnectionManager.requestConnection(PoolingNHttpClientConnectionManager.java:295) [httpasyncclient-4.1.4.jar:4.1.4]
	at org.apache.http.impl.nio.client.AbstractClientExchangeHandler.requestConnection(AbstractClientExchangeHandler.java:377) [httpasyncclient-4.1.4.jar:4.1.4]
	at org.apache.http.impl.nio.client.DefaultClientExchangeHandlerImpl.start(DefaultClientExchangeHandlerImpl.java:129) [httpasyncclient-4.1.4.jar:4.1.4]
	at org.apache.http.impl.nio.client.InternalHttpAsyncClient.execute(InternalHttpAsyncClient.java:141) [httpasyncclient-4.1.4.jar:4.1.4]
	at org.apache.http.impl.nio.client.CloseableHttpAsyncClient.execute(CloseableHttpAsyncClient.java:75) [httpasyncclient-4.1.4.jar:4.1.4]
	at org.apache.http.impl.nio.client.CloseableHttpAsyncClient.execute(CloseableHttpAsyncClient.java:108) [httpasyncclient-4.1.4.jar:4.1.4]
	at org.apache.http.impl.nio.client.CloseableHttpAsyncClient.execute(CloseableHttpAsyncClient.java:92) [httpasyncclient-4.1.4.jar:4.1.4]
	at org.apache.jmeter.visualizers.backend.influxdb.HttpMetricsSender.writeAndSendMetrics(HttpMetricsSender.java:191) [ApacheJMeter_components.jar:5.2.1]
	at org.apache.jmeter.visualizers.backend.influxdb.HttpMetricsSender.writeAndSendMetrics(HttpMetricsSender.java:169) [ApacheJMeter_components.jar:5.2.1]
	at org.apache.jmeter.visualizers.backend.influxdb.InfluxdbBackendListenerClient.sendMetrics(InfluxdbBackendListenerClient.java:169) [ApacheJMeter_components.jar:5.2.1]
	at org.apache.jmeter.visualizers.backend.influxdb.InfluxdbBackendListenerClient.run(InfluxdbBackendListenerClient.java:136) [ApacheJMeter_components.jar:5.2.1]
	at java.util.concurrent.Executors$RunnableAdapter.call(Executors.java:511) [?:1.8.0_181]
	at java.util.concurrent.FutureTask.runAndReset(FutureTask.java:308) [?:1.8.0_181]
	at java.util.concurrent.ScheduledThreadPoolExecutor$ScheduledFutureTask.access$301(ScheduledThreadPoolExecutor.java:180) [?:1.8.0_181]
	at java.util.concurrent.ScheduledThreadPoolExecutor$ScheduledFutureTask.run(ScheduledThreadPoolExecutor.java:294) [?:1.8.0_181]
	at java.util.concurrent.ThreadPoolExecutor.runWorker(ThreadPoolExecutor.java:1149) [?:1.8.0_181]
	at java.util.concurrent.ThreadPoolExecutor$Worker.run(ThreadPoolExecutor.java:624) [?:1.8.0_181]
	at java.lang.Thread.run(Thread.java:748) [?:1.8.0_181]
2019-12-19 10:35:51,065 INFO o.a.j.t.JMeterThread: Thread is done: Visitors 1-1
2019-12-19 10:35:51,065 INFO o.a.j.t.JMeterThread: Thread finished: Visitors 1-1
2019-12-19 10:35:51,066 INFO o.a.j.e.StandardJMeterEngine: Notifying test listeners of end of test
2019-12-19 10:35:51,066 INFO o.a.j.v.b.BackendListener: Worker ended
2019-12-19 10:35:51,067 INFO o.a.j.v.b.i.InfluxdbBackendListenerClient: Sending last metrics
2019-12-19 10:35:51,068 ERROR o.a.j.v.b.i.HttpMetricsSender: failed to send data to influxDB server.
java.net.UnknownHostException: influxdb.tick
	at java.net.InetAddress.getAllByName0(InetAddress.java:1280) ~[?:1.8.0_181]
	at java.net.InetAddress.getAllByName(InetAddress.java:1192) ~[?:1.8.0_181]
	at java.net.InetAddress.getAllByName(InetAddress.java:1126) ~[?:1.8.0_181]
	at org.apache.http.impl.conn.SystemDefaultDnsResolver.resolve(SystemDefaultDnsResolver.java:45) ~[httpclient-4.5.10.jar:4.5.10]
	at org.apache.http.impl.nio.conn.PoolingNHttpClientConnectionManager$InternalAddressResolver.resolveRemoteAddress(PoolingNHttpClientConnectionManager.java:664) ~[httpasyncclient-4.1.4.jar:4.1.4]
	at org.apache.http.impl.nio.conn.PoolingNHttpClientConnectionManager$InternalAddressResolver.resolveRemoteAddress(PoolingNHttpClientConnectionManager.java:635) ~[httpasyncclient-4.1.4.jar:4.1.4]
	at org.apache.http.nio.pool.AbstractNIOConnPool.processPendingRequest(AbstractNIOConnPool.java:474) [httpcore-nio-4.4.12.jar:4.4.12]
	at org.apache.http.nio.pool.AbstractNIOConnPool.lease(AbstractNIOConnPool.java:280) [httpcore-nio-4.4.12.jar:4.4.12]
	at org.apache.http.impl.nio.conn.PoolingNHttpClientConnectionManager.requestConnection(PoolingNHttpClientConnectionManager.java:295) [httpasyncclient-4.1.4.jar:4.1.4]
	at org.apache.http.impl.nio.client.AbstractClientExchangeHandler.requestConnection(AbstractClientExchangeHandler.java:377) [httpasyncclient-4.1.4.jar:4.1.4]
	at org.apache.http.impl.nio.client.DefaultClientExchangeHandlerImpl.start(DefaultClientExchangeHandlerImpl.java:129) [httpasyncclient-4.1.4.jar:4.1.4]
	at org.apache.http.impl.nio.client.InternalHttpAsyncClient.execute(InternalHttpAsyncClient.java:141) [httpasyncclient-4.1.4.jar:4.1.4]
	at org.apache.http.impl.nio.client.CloseableHttpAsyncClient.execute(CloseableHttpAsyncClient.java:75) [httpasyncclient-4.1.4.jar:4.1.4]
	at org.apache.http.impl.nio.client.CloseableHttpAsyncClient.execute(CloseableHttpAsyncClient.java:108) [httpasyncclient-4.1.4.jar:4.1.4]
	at org.apache.http.impl.nio.client.CloseableHttpAsyncClient.execute(CloseableHttpAsyncClient.java:92) [httpasyncclient-4.1.4.jar:4.1.4]
	at org.apache.jmeter.visualizers.backend.influxdb.HttpMetricsSender.writeAndSendMetrics(HttpMetricsSender.java:191) [ApacheJMeter_components.jar:5.2.1]
	at org.apache.jmeter.visualizers.backend.influxdb.HttpMetricsSender.writeAndSendMetrics(HttpMetricsSender.java:169) [ApacheJMeter_components.jar:5.2.1]
	at org.apache.jmeter.visualizers.backend.influxdb.InfluxdbBackendListenerClient.sendMetrics(InfluxdbBackendListenerClient.java:169) [ApacheJMeter_components.jar:5.2.1]
	at org.apache.jmeter.visualizers.backend.influxdb.InfluxdbBackendListenerClient.teardownTest(InfluxdbBackendListenerClient.java:417) [ApacheJMeter_components.jar:5.2.1]
	at org.apache.jmeter.visualizers.backend.BackendListener.testEnded(BackendListener.java:376) [ApacheJMeter_components.jar:5.2.1]
	at org.apache.jmeter.visualizers.backend.BackendListener.testEnded(BackendListener.java:384) [ApacheJMeter_components.jar:5.2.1]
	at org.apache.jmeter.engine.StandardJMeterEngine.notifyTestListenersOfEnd(StandardJMeterEngine.java:218) [ApacheJMeter_core.jar:5.2.1]
	at org.apache.jmeter.engine.StandardJMeterEngine.run(StandardJMeterEngine.java:492) [ApacheJMeter_core.jar:5.2.1]
	at java.lang.Thread.run(Thread.java:748) [?:1.8.0_181]
2019-12-19 10:35:51,068 INFO o.a.j.v.b.i.HttpMetricsSender: Destroying 
2019-12-19 10:35:51,068 ERROR o.a.j.v.b.i.HttpMetricsSender: Error waiting for last request to be send to InfluxDB
java.util.concurrent.ExecutionException: java.net.UnknownHostException: influxdb.tick
	at org.apache.http.concurrent.BasicFuture.getResult(BasicFuture.java:71) ~[httpcore-4.4.12.jar:4.4.12]
	at org.apache.http.concurrent.BasicFuture.get(BasicFuture.java:95) ~[httpcore-4.4.12.jar:4.4.12]
	at org.apache.http.impl.nio.client.FutureWrapper.get(FutureWrapper.java:75) ~[httpasyncclient-4.1.4.jar:4.1.4]
	at org.apache.jmeter.visualizers.backend.influxdb.HttpMetricsSender.destroy(HttpMetricsSender.java:246) [ApacheJMeter_components.jar:5.2.1]
	at org.apache.jmeter.visualizers.backend.influxdb.InfluxdbBackendListenerClient.teardownTest(InfluxdbBackendListenerClient.java:419) [ApacheJMeter_components.jar:5.2.1]
	at org.apache.jmeter.visualizers.backend.BackendListener.testEnded(BackendListener.java:376) [ApacheJMeter_components.jar:5.2.1]
	at org.apache.jmeter.visualizers.backend.BackendListener.testEnded(BackendListener.java:384) [ApacheJMeter_components.jar:5.2.1]
	at org.apache.jmeter.engine.StandardJMeterEngine.notifyTestListenersOfEnd(StandardJMeterEngine.java:218) [ApacheJMeter_core.jar:5.2.1]
	at org.apache.jmeter.engine.StandardJMeterEngine.run(StandardJMeterEngine.java:492) [ApacheJMeter_core.jar:5.2.1]
	at java.lang.Thread.run(Thread.java:748) [?:1.8.0_181]
Caused by: java.net.UnknownHostException: influxdb.tick
	at java.net.InetAddress.getAllByName0(InetAddress.java:1280) ~[?:1.8.0_181]
	at java.net.InetAddress.getAllByName(InetAddress.java:1192) ~[?:1.8.0_181]
	at java.net.InetAddress.getAllByName(InetAddress.java:1126) ~[?:1.8.0_181]
	at org.apache.http.impl.conn.SystemDefaultDnsResolver.resolve(SystemDefaultDnsResolver.java:45) ~[httpclient-4.5.10.jar:4.5.10]
	at org.apache.http.impl.nio.conn.PoolingNHttpClientConnectionManager$InternalAddressResolver.resolveRemoteAddress(PoolingNHttpClientConnectionManager.java:664) ~[httpasyncclient-4.1.4.jar:4.1.4]
	at org.apache.http.impl.nio.conn.PoolingNHttpClientConnectionManager$InternalAddressResolver.resolveRemoteAddress(PoolingNHttpClientConnectionManager.java:635) ~[httpasyncclient-4.1.4.jar:4.1.4]
	at org.apache.http.nio.pool.AbstractNIOConnPool.processPendingRequest(AbstractNIOConnPool.java:474) ~[httpcore-nio-4.4.12.jar:4.4.12]
	at org.apache.http.nio.pool.AbstractNIOConnPool.lease(AbstractNIOConnPool.java:280) ~[httpcore-nio-4.4.12.jar:4.4.12]
	at org.apache.http.impl.nio.conn.PoolingNHttpClientConnectionManager.requestConnection(PoolingNHttpClientConnectionManager.java:295) ~[httpasyncclient-4.1.4.jar:4.1.4]
	at org.apache.http.impl.nio.client.AbstractClientExchangeHandler.requestConnection(AbstractClientExchangeHandler.java:377) ~[httpasyncclient-4.1.4.jar:4.1.4]
	at org.apache.http.impl.nio.client.DefaultClientExchangeHandlerImpl.start(DefaultClientExchangeHandlerImpl.java:129) ~[httpasyncclient-4.1.4.jar:4.1.4]
	at org.apache.http.impl.nio.client.InternalHttpAsyncClient.execute(InternalHttpAsyncClient.java:141) ~[httpasyncclient-4.1.4.jar:4.1.4]
	at org.apache.http.impl.nio.client.CloseableHttpAsyncClient.execute(CloseableHttpAsyncClient.java:75) ~[httpasyncclient-4.1.4.jar:4.1.4]
	at org.apache.http.impl.nio.client.CloseableHttpAsyncClient.execute(CloseableHttpAsyncClient.java:108) ~[httpasyncclient-4.1.4.jar:4.1.4]
	at org.apache.http.impl.nio.client.CloseableHttpAsyncClient.execute(CloseableHttpAsyncClient.java:92) ~[httpasyncclient-4.1.4.jar:4.1.4]
	at org.apache.jmeter.visualizers.backend.influxdb.HttpMetricsSender.writeAndSendMetrics(HttpMetricsSender.java:191) ~[ApacheJMeter_components.jar:5.2.1]
	at org.apache.jmeter.visualizers.backend.influxdb.HttpMetricsSender.writeAndSendMetrics(HttpMetricsSender.java:169) ~[ApacheJMeter_components.jar:5.2.1]
	at org.apache.jmeter.visualizers.backend.influxdb.InfluxdbBackendListenerClient.sendMetrics(InfluxdbBackendListenerClient.java:169) ~[ApacheJMeter_components.jar:5.2.1]
	at org.apache.jmeter.visualizers.backend.influxdb.InfluxdbBackendListenerClient.teardownTest(InfluxdbBackendListenerClient.java:417) ~[ApacheJMeter_components.jar:5.2.1]
	... 5 more
2019-12-19 10:35:51,069 INFO o.a.j.g.u.JMeterMenuBar: setRunning(false, *local*)
2019-12-19 10:35:55,131 INFO o.a.j.e.StandardJMeterEngine: Running the test!
2019-12-19 10:35:55,131 INFO o.a.j.s.SampleEvent: List of sample_variables: []
2019-12-19 10:35:55,132 INFO o.a.j.v.b.BackendListener: Backend Listener: Starting worker with class: class org.apache.jmeter.visualizers.backend.influxdb.InfluxdbBackendListenerClient and queue capacity: 5000
2019-12-19 10:35:55,132 INFO o.a.j.v.b.BackendListener: Backend Listener: Started  worker with class: class org.apache.jmeter.visualizers.backend.influxdb.InfluxdbBackendListenerClient
2019-12-19 10:35:55,135 INFO o.a.j.g.u.JMeterMenuBar: setRunning(true, *local*)
2019-12-19 10:35:55,205 INFO o.a.j.e.StandardJMeterEngine: Starting ThreadGroup: 1 : Visitors
2019-12-19 10:35:55,205 INFO o.a.j.e.StandardJMeterEngine: Starting 1 threads for group Visitors.
2019-12-19 10:35:55,205 INFO o.a.j.e.StandardJMeterEngine: Thread will start next loop on error
2019-12-19 10:35:55,205 INFO o.a.j.t.ThreadGroup: Starting thread group... number=1 threads=1 ramp-up=0 delayedStart=false
2019-12-19 10:35:55,205 ERROR o.a.j.v.b.i.HttpMetricsSender: failed to send data to influxDB server.
java.net.UnknownHostException: influxdb.tick
	at java.net.InetAddress.getAllByName0(InetAddress.java:1280) ~[?:1.8.0_181]
	at java.net.InetAddress.getAllByName(InetAddress.java:1192) ~[?:1.8.0_181]
	at java.net.InetAddress.getAllByName(InetAddress.java:1126) ~[?:1.8.0_181]
	at org.apache.http.impl.conn.SystemDefaultDnsResolver.resolve(SystemDefaultDnsResolver.java:45) ~[httpclient-4.5.10.jar:4.5.10]
	at org.apache.http.impl.nio.conn.PoolingNHttpClientConnectionManager$InternalAddressResolver.resolveRemoteAddress(PoolingNHttpClientConnectionManager.java:664) ~[httpasyncclient-4.1.4.jar:4.1.4]
	at org.apache.http.impl.nio.conn.PoolingNHttpClientConnectionManager$InternalAddressResolver.resolveRemoteAddress(PoolingNHttpClientConnectionManager.java:635) ~[httpasyncclient-4.1.4.jar:4.1.4]
	at org.apache.http.nio.pool.AbstractNIOConnPool.processPendingRequest(AbstractNIOConnPool.java:474) [httpcore-nio-4.4.12.jar:4.4.12]
	at org.apache.http.nio.pool.AbstractNIOConnPool.lease(AbstractNIOConnPool.java:280) [httpcore-nio-4.4.12.jar:4.4.12]
	at org.apache.http.impl.nio.conn.PoolingNHttpClientConnectionManager.requestConnection(PoolingNHttpClientConnectionManager.java:295) [httpasyncclient-4.1.4.jar:4.1.4]
	at org.apache.http.impl.nio.client.AbstractClientExchangeHandler.requestConnection(AbstractClientExchangeHandler.java:377) [httpasyncclient-4.1.4.jar:4.1.4]
	at org.apache.http.impl.nio.client.DefaultClientExchangeHandlerImpl.start(DefaultClientExchangeHandlerImpl.java:129) [httpasyncclient-4.1.4.jar:4.1.4]
	at org.apache.http.impl.nio.client.InternalHttpAsyncClient.execute(InternalHttpAsyncClient.java:141) [httpasyncclient-4.1.4.jar:4.1.4]
	at org.apache.http.impl.nio.client.CloseableHttpAsyncClient.execute(CloseableHttpAsyncClient.java:75) [httpasyncclient-4.1.4.jar:4.1.4]
	at org.apache.http.impl.nio.client.CloseableHttpAsyncClient.execute(CloseableHttpAsyncClient.java:108) [httpasyncclient-4.1.4.jar:4.1.4]
	at org.apache.http.impl.nio.client.CloseableHttpAsyncClient.execute(CloseableHttpAsyncClient.java:92) [httpasyncclient-4.1.4.jar:4.1.4]
	at org.apache.jmeter.visualizers.backend.influxdb.HttpMetricsSender.writeAndSendMetrics(HttpMetricsSender.java:191) [ApacheJMeter_components.jar:5.2.1]
	at org.apache.jmeter.visualizers.backend.influxdb.HttpMetricsSender.writeAndSendMetrics(HttpMetricsSender.java:169) [ApacheJMeter_components.jar:5.2.1]
	at org.apache.jmeter.visualizers.backend.influxdb.InfluxdbBackendListenerClient.sendMetrics(InfluxdbBackendListenerClient.java:169) [ApacheJMeter_components.jar:5.2.1]
	at org.apache.jmeter.visualizers.backend.influxdb.InfluxdbBackendListenerClient.run(InfluxdbBackendListenerClient.java:136) [ApacheJMeter_components.jar:5.2.1]
	at java.util.concurrent.Executors$RunnableAdapter.call(Executors.java:511) [?:1.8.0_181]
	at java.util.concurrent.FutureTask.runAndReset(FutureTask.java:308) [?:1.8.0_181]
	at java.util.concurrent.ScheduledThreadPoolExecutor$ScheduledFutureTask.access$301(ScheduledThreadPoolExecutor.java:180) [?:1.8.0_181]
	at java.util.concurrent.ScheduledThreadPoolExecutor$ScheduledFutureTask.run(ScheduledThreadPoolExecutor.java:294) [?:1.8.0_181]
	at java.util.concurrent.ThreadPoolExecutor.runWorker(ThreadPoolExecutor.java:1149) [?:1.8.0_181]
	at java.util.concurrent.ThreadPoolExecutor$Worker.run(ThreadPoolExecutor.java:624) [?:1.8.0_181]
	at java.lang.Thread.run(Thread.java:748) [?:1.8.0_181]
2019-12-19 10:35:55,206 INFO o.a.j.t.ThreadGroup: Started thread group number 1
2019-12-19 10:35:55,206 INFO o.a.j.e.StandardJMeterEngine: All thread groups have been started
2019-12-19 10:35:55,206 INFO o.a.j.t.JMeterThread: Thread started: Visitors 1-1
2019-12-19 10:36:00,138 ERROR o.a.j.v.b.i.HttpMetricsSender: failed to send data to influxDB server.
java.net.UnknownHostException: influxdb.tick: nodename nor servname provided, or not known
	at java.net.Inet6AddressImpl.lookupAllHostAddr(Native Method) ~[?:1.8.0_181]
	at java.net.InetAddress$2.lookupAllHostAddr(InetAddress.java:928) ~[?:1.8.0_181]
	at java.net.InetAddress.getAddressesFromNameService(InetAddress.java:1323) ~[?:1.8.0_181]
	at java.net.InetAddress.getAllByName0(InetAddress.java:1276) ~[?:1.8.0_181]
	at java.net.InetAddress.getAllByName(InetAddress.java:1192) ~[?:1.8.0_181]
	at java.net.InetAddress.getAllByName(InetAddress.java:1126) ~[?:1.8.0_181]
	at org.apache.http.impl.conn.SystemDefaultDnsResolver.resolve(SystemDefaultDnsResolver.java:45) ~[httpclient-4.5.10.jar:4.5.10]
	at org.apache.http.impl.nio.conn.PoolingNHttpClientConnectionManager$InternalAddressResolver.resolveRemoteAddress(PoolingNHttpClientConnectionManager.java:664) ~[httpasyncclient-4.1.4.jar:4.1.4]
	at org.apache.http.impl.nio.conn.PoolingNHttpClientConnectionManager$InternalAddressResolver.resolveRemoteAddress(PoolingNHttpClientConnectionManager.java:635) ~[httpasyncclient-4.1.4.jar:4.1.4]
	at org.apache.http.nio.pool.AbstractNIOConnPool.processPendingRequest(AbstractNIOConnPool.java:474) [httpcore-nio-4.4.12.jar:4.4.12]
	at org.apache.http.nio.pool.AbstractNIOConnPool.lease(AbstractNIOConnPool.java:280) [httpcore-nio-4.4.12.jar:4.4.12]
	at org.apache.http.impl.nio.conn.PoolingNHttpClientConnectionManager.requestConnection(PoolingNHttpClientConnectionManager.java:295) [httpasyncclient-4.1.4.jar:4.1.4]
	at org.apache.http.impl.nio.client.AbstractClientExchangeHandler.requestConnection(AbstractClientExchangeHandler.java:377) [httpasyncclient-4.1.4.jar:4.1.4]
	at org.apache.http.impl.nio.client.DefaultClientExchangeHandlerImpl.start(DefaultClientExchangeHandlerImpl.java:129) [httpasyncclient-4.1.4.jar:4.1.4]
	at org.apache.http.impl.nio.client.InternalHttpAsyncClient.execute(InternalHttpAsyncClient.java:141) [httpasyncclient-4.1.4.jar:4.1.4]
	at org.apache.http.impl.nio.client.CloseableHttpAsyncClient.execute(CloseableHttpAsyncClient.java:75) [httpasyncclient-4.1.4.jar:4.1.4]
	at org.apache.http.impl.nio.client.CloseableHttpAsyncClient.execute(CloseableHttpAsyncClient.java:108) [httpasyncclient-4.1.4.jar:4.1.4]
	at org.apache.http.impl.nio.client.CloseableHttpAsyncClient.execute(CloseableHttpAsyncClient.java:92) [httpasyncclient-4.1.4.jar:4.1.4]
	at org.apache.jmeter.visualizers.backend.influxdb.HttpMetricsSender.writeAndSendMetrics(HttpMetricsSender.java:191) [ApacheJMeter_components.jar:5.2.1]
	at org.apache.jmeter.visualizers.backend.influxdb.HttpMetricsSender.writeAndSendMetrics(HttpMetricsSender.java:169) [ApacheJMeter_components.jar:5.2.1]
	at org.apache.jmeter.visualizers.backend.influxdb.InfluxdbBackendListenerClient.sendMetrics(InfluxdbBackendListenerClient.java:169) [ApacheJMeter_components.jar:5.2.1]
	at org.apache.jmeter.visualizers.backend.influxdb.InfluxdbBackendListenerClient.run(InfluxdbBackendListenerClient.java:136) [ApacheJMeter_components.jar:5.2.1]
	at java.util.concurrent.Executors$RunnableAdapter.call(Executors.java:511) [?:1.8.0_181]
	at java.util.concurrent.FutureTask.runAndReset(FutureTask.java:308) [?:1.8.0_181]
	at java.util.concurrent.ScheduledThreadPoolExecutor$ScheduledFutureTask.access$301(ScheduledThreadPoolExecutor.java:180) [?:1.8.0_181]
	at java.util.concurrent.ScheduledThreadPoolExecutor$ScheduledFutureTask.run(ScheduledThreadPoolExecutor.java:294) [?:1.8.0_181]
	at java.util.concurrent.ThreadPoolExecutor.runWorker(ThreadPoolExecutor.java:1149) [?:1.8.0_181]
	at java.util.concurrent.ThreadPoolExecutor$Worker.run(ThreadPoolExecutor.java:624) [?:1.8.0_181]
	at java.lang.Thread.run(Thread.java:748) [?:1.8.0_181]
2019-12-19 10:36:05,136 ERROR o.a.j.v.b.i.HttpMetricsSender: failed to send data to influxDB server.
java.net.UnknownHostException: influxdb.tick
	at java.net.InetAddress.getAllByName0(InetAddress.java:1280) ~[?:1.8.0_181]
	at java.net.InetAddress.getAllByName(InetAddress.java:1192) ~[?:1.8.0_181]
	at java.net.InetAddress.getAllByName(InetAddress.java:1126) ~[?:1.8.0_181]
	at org.apache.http.impl.conn.SystemDefaultDnsResolver.resolve(SystemDefaultDnsResolver.java:45) ~[httpclient-4.5.10.jar:4.5.10]
	at org.apache.http.impl.nio.conn.PoolingNHttpClientConnectionManager$InternalAddressResolver.resolveRemoteAddress(PoolingNHttpClientConnectionManager.java:664) ~[httpasyncclient-4.1.4.jar:4.1.4]
	at org.apache.http.impl.nio.conn.PoolingNHttpClientConnectionManager$InternalAddressResolver.resolveRemoteAddress(PoolingNHttpClientConnectionManager.java:635) ~[httpasyncclient-4.1.4.jar:4.1.4]
	at org.apache.http.nio.pool.AbstractNIOConnPool.processPendingRequest(AbstractNIOConnPool.java:474) [httpcore-nio-4.4.12.jar:4.4.12]
	at org.apache.http.nio.pool.AbstractNIOConnPool.lease(AbstractNIOConnPool.java:280) [httpcore-nio-4.4.12.jar:4.4.12]
	at org.apache.http.impl.nio.conn.PoolingNHttpClientConnectionManager.requestConnection(PoolingNHttpClientConnectionManager.java:295) [httpasyncclient-4.1.4.jar:4.1.4]
	at org.apache.http.impl.nio.client.AbstractClientExchangeHandler.requestConnection(AbstractClientExchangeHandler.java:377) [httpasyncclient-4.1.4.jar:4.1.4]
	at org.apache.http.impl.nio.client.DefaultClientExchangeHandlerImpl.start(DefaultClientExchangeHandlerImpl.java:129) [httpasyncclient-4.1.4.jar:4.1.4]
	at org.apache.http.impl.nio.client.InternalHttpAsyncClient.execute(InternalHttpAsyncClient.java:141) [httpasyncclient-4.1.4.jar:4.1.4]
	at org.apache.http.impl.nio.client.CloseableHttpAsyncClient.execute(CloseableHttpAsyncClient.java:75) [httpasyncclient-4.1.4.jar:4.1.4]
	at org.apache.http.impl.nio.client.CloseableHttpAsyncClient.execute(CloseableHttpAsyncClient.java:108) [httpasyncclient-4.1.4.jar:4.1.4]
	at org.apache.http.impl.nio.client.CloseableHttpAsyncClient.execute(CloseableHttpAsyncClient.java:92) [httpasyncclient-4.1.4.jar:4.1.4]
	at org.apache.jmeter.visualizers.backend.influxdb.HttpMetricsSender.writeAndSendMetrics(HttpMetricsSender.java:191) [ApacheJMeter_components.jar:5.2.1]
	at org.apache.jmeter.visualizers.backend.influxdb.HttpMetricsSender.writeAndSendMetrics(HttpMetricsSender.java:169) [ApacheJMeter_components.jar:5.2.1]
	at org.apache.jmeter.visualizers.backend.influxdb.InfluxdbBackendListenerClient.sendMetrics(InfluxdbBackendListenerClient.java:169) [ApacheJMeter_components.jar:5.2.1]
	at org.apache.jmeter.visualizers.backend.influxdb.InfluxdbBackendListenerClient.run(InfluxdbBackendListenerClient.java:136) [ApacheJMeter_components.jar:5.2.1]
	at java.util.concurrent.Executors$RunnableAdapter.call(Executors.java:511) [?:1.8.0_181]
	at java.util.concurrent.FutureTask.runAndReset(FutureTask.java:308) [?:1.8.0_181]
	at java.util.concurrent.ScheduledThreadPoolExecutor$ScheduledFutureTask.access$301(ScheduledThreadPoolExecutor.java:180) [?:1.8.0_181]
	at java.util.concurrent.ScheduledThreadPoolExecutor$ScheduledFutureTask.run(ScheduledThreadPoolExecutor.java:294) [?:1.8.0_181]
	at java.util.concurrent.ThreadPoolExecutor.runWorker(ThreadPoolExecutor.java:1149) [?:1.8.0_181]
	at java.util.concurrent.ThreadPoolExecutor$Worker.run(ThreadPoolExecutor.java:624) [?:1.8.0_181]
	at java.lang.Thread.run(Thread.java:748) [?:1.8.0_181]
2019-12-19 10:36:05,214 INFO o.a.j.t.JMeterThread: Stopping because end time detected by thread: Visitors 1-1
2019-12-19 10:36:05,215 INFO o.a.j.t.JMeterThread: Thread finished: Visitors 1-1
2019-12-19 10:36:05,215 INFO o.a.j.e.StandardJMeterEngine: Notifying test listeners of end of test
2019-12-19 10:36:05,215 INFO o.a.j.v.b.BackendListener: Worker ended
2019-12-19 10:36:05,216 INFO o.a.j.v.b.i.InfluxdbBackendListenerClient: Sending last metrics
2019-12-19 10:36:05,217 ERROR o.a.j.v.b.i.HttpMetricsSender: failed to send data to influxDB server.
java.net.UnknownHostException: influxdb.tick
	at java.net.InetAddress.getAllByName0(InetAddress.java:1280) ~[?:1.8.0_181]
	at java.net.InetAddress.getAllByName(InetAddress.java:1192) ~[?:1.8.0_181]
	at java.net.InetAddress.getAllByName(InetAddress.java:1126) ~[?:1.8.0_181]
	at org.apache.http.impl.conn.SystemDefaultDnsResolver.resolve(SystemDefaultDnsResolver.java:45) ~[httpclient-4.5.10.jar:4.5.10]
	at org.apache.http.impl.nio.conn.PoolingNHttpClientConnectionManager$InternalAddressResolver.resolveRemoteAddress(PoolingNHttpClientConnectionManager.java:664) ~[httpasyncclient-4.1.4.jar:4.1.4]
	at org.apache.http.impl.nio.conn.PoolingNHttpClientConnectionManager$InternalAddressResolver.resolveRemoteAddress(PoolingNHttpClientConnectionManager.java:635) ~[httpasyncclient-4.1.4.jar:4.1.4]
	at org.apache.http.nio.pool.AbstractNIOConnPool.processPendingRequest(AbstractNIOConnPool.java:474) [httpcore-nio-4.4.12.jar:4.4.12]
	at org.apache.http.nio.pool.AbstractNIOConnPool.lease(AbstractNIOConnPool.java:280) [httpcore-nio-4.4.12.jar:4.4.12]
	at org.apache.http.impl.nio.conn.PoolingNHttpClientConnectionManager.requestConnection(PoolingNHttpClientConnectionManager.java:295) [httpasyncclient-4.1.4.jar:4.1.4]
	at org.apache.http.impl.nio.client.AbstractClientExchangeHandler.requestConnection(AbstractClientExchangeHandler.java:377) [httpasyncclient-4.1.4.jar:4.1.4]
	at org.apache.http.impl.nio.client.DefaultClientExchangeHandlerImpl.start(DefaultClientExchangeHandlerImpl.java:129) [httpasyncclient-4.1.4.jar:4.1.4]
	at org.apache.http.impl.nio.client.InternalHttpAsyncClient.execute(InternalHttpAsyncClient.java:141) [httpasyncclient-4.1.4.jar:4.1.4]
	at org.apache.http.impl.nio.client.CloseableHttpAsyncClient.execute(CloseableHttpAsyncClient.java:75) [httpasyncclient-4.1.4.jar:4.1.4]
	at org.apache.http.impl.nio.client.CloseableHttpAsyncClient.execute(CloseableHttpAsyncClient.java:108) [httpasyncclient-4.1.4.jar:4.1.4]
	at org.apache.http.impl.nio.client.CloseableHttpAsyncClient.execute(CloseableHttpAsyncClient.java:92) [httpasyncclient-4.1.4.jar:4.1.4]
	at org.apache.jmeter.visualizers.backend.influxdb.HttpMetricsSender.writeAndSendMetrics(HttpMetricsSender.java:191) [ApacheJMeter_components.jar:5.2.1]
	at org.apache.jmeter.visualizers.backend.influxdb.HttpMetricsSender.writeAndSendMetrics(HttpMetricsSender.java:169) [ApacheJMeter_components.jar:5.2.1]
	at org.apache.jmeter.visualizers.backend.influxdb.InfluxdbBackendListenerClient.sendMetrics(InfluxdbBackendListenerClient.java:169) [ApacheJMeter_components.jar:5.2.1]
	at org.apache.jmeter.visualizers.backend.influxdb.InfluxdbBackendListenerClient.teardownTest(InfluxdbBackendListenerClient.java:417) [ApacheJMeter_components.jar:5.2.1]
	at org.apache.jmeter.visualizers.backend.BackendListener.testEnded(BackendListener.java:376) [ApacheJMeter_components.jar:5.2.1]
	at org.apache.jmeter.visualizers.backend.BackendListener.testEnded(BackendListener.java:384) [ApacheJMeter_components.jar:5.2.1]
	at org.apache.jmeter.engine.StandardJMeterEngine.notifyTestListenersOfEnd(StandardJMeterEngine.java:218) [ApacheJMeter_core.jar:5.2.1]
	at org.apache.jmeter.engine.StandardJMeterEngine.run(StandardJMeterEngine.java:492) [ApacheJMeter_core.jar:5.2.1]
	at java.lang.Thread.run(Thread.java:748) [?:1.8.0_181]
2019-12-19 10:36:05,217 INFO o.a.j.v.b.i.HttpMetricsSender: Destroying 
2019-12-19 10:36:05,217 ERROR o.a.j.v.b.i.HttpMetricsSender: Error waiting for last request to be send to InfluxDB
java.util.concurrent.ExecutionException: java.net.UnknownHostException: influxdb.tick
	at org.apache.http.concurrent.BasicFuture.getResult(BasicFuture.java:71) ~[httpcore-4.4.12.jar:4.4.12]
	at org.apache.http.concurrent.BasicFuture.get(BasicFuture.java:95) ~[httpcore-4.4.12.jar:4.4.12]
	at org.apache.http.impl.nio.client.FutureWrapper.get(FutureWrapper.java:75) ~[httpasyncclient-4.1.4.jar:4.1.4]
	at org.apache.jmeter.visualizers.backend.influxdb.HttpMetricsSender.destroy(HttpMetricsSender.java:246) [ApacheJMeter_components.jar:5.2.1]
	at org.apache.jmeter.visualizers.backend.influxdb.InfluxdbBackendListenerClient.teardownTest(InfluxdbBackendListenerClient.java:419) [ApacheJMeter_components.jar:5.2.1]
	at org.apache.jmeter.visualizers.backend.BackendListener.testEnded(BackendListener.java:376) [ApacheJMeter_components.jar:5.2.1]
	at org.apache.jmeter.visualizers.backend.BackendListener.testEnded(BackendListener.java:384) [ApacheJMeter_components.jar:5.2.1]
	at org.apache.jmeter.engine.StandardJMeterEngine.notifyTestListenersOfEnd(StandardJMeterEngine.java:218) [ApacheJMeter_core.jar:5.2.1]
	at org.apache.jmeter.engine.StandardJMeterEngine.run(StandardJMeterEngine.java:492) [ApacheJMeter_core.jar:5.2.1]
	at java.lang.Thread.run(Thread.java:748) [?:1.8.0_181]
Caused by: java.net.UnknownHostException: influxdb.tick
	at java.net.InetAddress.getAllByName0(InetAddress.java:1280) ~[?:1.8.0_181]
	at java.net.InetAddress.getAllByName(InetAddress.java:1192) ~[?:1.8.0_181]
	at java.net.InetAddress.getAllByName(InetAddress.java:1126) ~[?:1.8.0_181]
	at org.apache.http.impl.conn.SystemDefaultDnsResolver.resolve(SystemDefaultDnsResolver.java:45) ~[httpclient-4.5.10.jar:4.5.10]
	at org.apache.http.impl.nio.conn.PoolingNHttpClientConnectionManager$InternalAddressResolver.resolveRemoteAddress(PoolingNHttpClientConnectionManager.java:664) ~[httpasyncclient-4.1.4.jar:4.1.4]
	at org.apache.http.impl.nio.conn.PoolingNHttpClientConnectionManager$InternalAddressResolver.resolveRemoteAddress(PoolingNHttpClientConnectionManager.java:635) ~[httpasyncclient-4.1.4.jar:4.1.4]
	at org.apache.http.nio.pool.AbstractNIOConnPool.processPendingRequest(AbstractNIOConnPool.java:474) ~[httpcore-nio-4.4.12.jar:4.4.12]
	at org.apache.http.nio.pool.AbstractNIOConnPool.lease(AbstractNIOConnPool.java:280) ~[httpcore-nio-4.4.12.jar:4.4.12]
	at org.apache.http.impl.nio.conn.PoolingNHttpClientConnectionManager.requestConnection(PoolingNHttpClientConnectionManager.java:295) ~[httpasyncclient-4.1.4.jar:4.1.4]
	at org.apache.http.impl.nio.client.AbstractClientExchangeHandler.requestConnection(AbstractClientExchangeHandler.java:377) ~[httpasyncclient-4.1.4.jar:4.1.4]
	at org.apache.http.impl.nio.client.DefaultClientExchangeHandlerImpl.start(DefaultClientExchangeHandlerImpl.java:129) ~[httpasyncclient-4.1.4.jar:4.1.4]
	at org.apache.http.impl.nio.client.InternalHttpAsyncClient.execute(InternalHttpAsyncClient.java:141) ~[httpasyncclient-4.1.4.jar:4.1.4]
	at org.apache.http.impl.nio.client.CloseableHttpAsyncClient.execute(CloseableHttpAsyncClient.java:75) ~[httpasyncclient-4.1.4.jar:4.1.4]
	at org.apache.http.impl.nio.client.CloseableHttpAsyncClient.execute(CloseableHttpAsyncClient.java:108) ~[httpasyncclient-4.1.4.jar:4.1.4]
	at org.apache.http.impl.nio.client.CloseableHttpAsyncClient.execute(CloseableHttpAsyncClient.java:92) ~[httpasyncclient-4.1.4.jar:4.1.4]
	at org.apache.jmeter.visualizers.backend.influxdb.HttpMetricsSender.writeAndSendMetrics(HttpMetricsSender.java:191) ~[ApacheJMeter_components.jar:5.2.1]
	at org.apache.jmeter.visualizers.backend.influxdb.HttpMetricsSender.writeAndSendMetrics(HttpMetricsSender.java:169) ~[ApacheJMeter_components.jar:5.2.1]
	at org.apache.jmeter.visualizers.backend.influxdb.InfluxdbBackendListenerClient.sendMetrics(InfluxdbBackendListenerClient.java:169) ~[ApacheJMeter_components.jar:5.2.1]
	at org.apache.jmeter.visualizers.backend.influxdb.InfluxdbBackendListenerClient.teardownTest(InfluxdbBackendListenerClient.java:417) ~[ApacheJMeter_components.jar:5.2.1]
	... 5 more
2019-12-19 10:36:05,218 INFO o.a.j.g.u.JMeterMenuBar: setRunning(false, *local*)
