2019-12-19 14:50:28,127 INFO o.a.j.u.JMeterUtils: Setting Locale to en_EN
2019-12-19 14:50:28,151 INFO o.a.j.JMeter: Loading user properties from: /Applications/JMeter/bin/user.properties
2019-12-19 14:50:28,152 INFO o.a.j.JMeter: Loading system properties from: /Applications/JMeter/bin/system.properties
2019-12-19 14:50:28,153 INFO o.a.j.JMeter: Copyright (c) 1998-2019 The Apache Software Foundation
2019-12-19 14:50:28,153 INFO o.a.j.JMeter: Version 5.2.1
2019-12-19 14:50:28,153 INFO o.a.j.JMeter: java.version=1.8.0_181
2019-12-19 14:50:28,153 INFO o.a.j.JMeter: java.vm.name=Java HotSpot(TM) 64-Bit Server VM
2019-12-19 14:50:28,153 INFO o.a.j.JMeter: os.name=Mac OS X
2019-12-19 14:50:28,153 INFO o.a.j.JMeter: os.arch=x86_64
2019-12-19 14:50:28,153 INFO o.a.j.JMeter: os.version=10.14.6
2019-12-19 14:50:28,153 INFO o.a.j.JMeter: file.encoding=UTF-8
2019-12-19 14:50:28,153 INFO o.a.j.JMeter: java.awt.headless=null
2019-12-19 14:50:28,153 INFO o.a.j.JMeter: Max memory     =1073741824
2019-12-19 14:50:28,153 INFO o.a.j.JMeter: Available Processors =12
2019-12-19 14:50:28,157 INFO o.a.j.JMeter: Default Locale=English (EN)
2019-12-19 14:50:28,157 INFO o.a.j.JMeter: JMeter  Locale=English (EN)
2019-12-19 14:50:28,157 INFO o.a.j.JMeter: JMeterHome=/Applications/JMeter
2019-12-19 14:50:28,157 INFO o.a.j.JMeter: user.dir  =/Users/michaeldeller/Projects/tpc-poc/kubernetes/jmeter
2019-12-19 14:50:28,157 INFO o.a.j.JMeter: PWD       =/Users/michaeldeller/Projects/tpc-poc/kubernetes/jmeter
2019-12-19 14:50:28,169 INFO o.a.j.JMeter: IP: 192.168.1.5 Name: michaeldeller-r FullName: 192.168.1.5
2019-12-19 14:50:29,475 INFO o.a.j.g.a.LookAndFeelCommand: Installing Darcula LAF
2019-12-19 14:50:29,486 INFO o.a.j.g.a.LookAndFeelCommand: Using look and feel: com.bulenkov.darcula.DarculaLaf [Darcula]
2019-12-19 14:50:29,487 INFO o.a.j.JMeter: Setting LAF to: com.bulenkov.darcula.DarculaLaf
2019-12-19 14:50:29,535 INFO o.a.j.JMeter: Loaded icon properties from org/apache/jmeter/images/icon.properties
2019-12-19 14:50:31,078 INFO o.a.j.p.h.s.HTTPSamplerBase: Parser for text/html is org.apache.jmeter.protocol.http.parser.LagartoBasedHtmlParser
2019-12-19 14:50:31,079 INFO o.a.j.p.h.s.HTTPSamplerBase: Parser for application/xhtml+xml is org.apache.jmeter.protocol.http.parser.LagartoBasedHtmlParser
2019-12-19 14:50:31,079 INFO o.a.j.p.h.s.HTTPSamplerBase: Parser for application/xml is org.apache.jmeter.protocol.http.parser.LagartoBasedHtmlParser
2019-12-19 14:50:31,079 INFO o.a.j.p.h.s.HTTPSamplerBase: Parser for text/xml is org.apache.jmeter.protocol.http.parser.LagartoBasedHtmlParser
2019-12-19 14:50:31,079 INFO o.a.j.p.h.s.HTTPSamplerBase: Parser for text/vnd.wap.wml is org.apache.jmeter.protocol.http.parser.RegexpHTMLParser
2019-12-19 14:50:31,079 INFO o.a.j.p.h.s.HTTPSamplerBase: Parser for text/css is org.apache.jmeter.protocol.http.parser.CssParser
2019-12-19 14:50:31,364 INFO o.a.j.e.KeyToolUtils: keytool found at 'keytool'
2019-12-19 14:50:31,365 INFO o.a.j.p.h.p.ProxyControl: HTTP(S) Test Script Recorder SSL Proxy will use keys that support embedded 3rd party resources in file /Applications/JMeter/bin/proxyserver.jks
2019-12-19 14:50:31,469 INFO o.a.j.s.FileServer: Default base='/Users/michaeldeller/Projects/tpc-poc/kubernetes/jmeter'
2019-12-19 14:50:31,734 INFO o.a.j.s.SampleResult: Note: Sample TimeStamps are START times
2019-12-19 14:50:31,734 INFO o.a.j.s.SampleResult: sampleresult.default.encoding is set to ISO-8859-1
2019-12-19 14:50:31,734 INFO o.a.j.s.SampleResult: sampleresult.useNanoTime=true
2019-12-19 14:50:31,734 INFO o.a.j.s.SampleResult: sampleresult.nanoThreadSleep=5000
2019-12-19 14:50:36,465 INFO o.a.j.g.a.Load: Loading file: /Users/michaeldeller/Projects/tpc-poc/server-profiles/jmeter/opt/apache-jmeter/bin/authorization_code.jmx
2019-12-19 14:50:36,465 INFO o.a.j.s.FileServer: Set new base='/Users/michaeldeller/Projects/tpc-poc/server-profiles/jmeter/opt/apache-jmeter/bin'
2019-12-19 14:50:36,589 INFO o.a.j.s.SaveService: Testplan (JMX) version: 2.2. Testlog (JTL) version: 2.2
2019-12-19 14:50:36,597 INFO o.a.j.s.SaveService: Using SaveService properties file encoding UTF-8
2019-12-19 14:50:36,599 INFO o.a.j.s.SaveService: Using SaveService properties version 5.0
2019-12-19 14:50:36,602 INFO o.a.j.s.SaveService: Loading file: /Users/michaeldeller/Projects/tpc-poc/server-profiles/jmeter/opt/apache-jmeter/bin/authorization_code.jmx
2019-12-19 14:50:36,633 INFO o.a.j.p.h.c.CacheManager: Will only cache the following methods: [GET]
2019-12-19 14:50:36,635 INFO o.a.j.p.h.c.CookieManager: Settings: Delete null: true Check: true Allow variable: true Save: false Prefix: COOKIE_
2019-12-19 14:50:36,799 INFO o.a.j.s.FileServer: Set new base='/Users/michaeldeller/Projects/tpc-poc/server-profiles/jmeter/opt/apache-jmeter/bin'
