2019-12-19 11:25:51,236 INFO o.a.j.u.JMeterUtils: Setting Locale to en_EN
2019-12-19 11:25:51,252 INFO o.a.j.JMeter: Loading user properties from: /Applications/JMeter/bin/user.properties
2019-12-19 11:25:51,252 INFO o.a.j.JMeter: Loading system properties from: /Applications/JMeter/bin/system.properties
2019-12-19 11:25:51,252 INFO o.a.j.JMeter: Setting JMeter property: duration=300
2019-12-19 11:25:51,252 INFO o.a.j.JMeter: Setting JMeter property: threadCount=10
2019-12-19 11:25:51,253 INFO o.a.j.JMeter: Copyright (c) 1998-2019 The Apache Software Foundation
2019-12-19 11:25:51,253 INFO o.a.j.JMeter: Version 5.2.1
2019-12-19 11:25:51,253 INFO o.a.j.JMeter: java.version=1.8.0_181
2019-12-19 11:25:51,253 INFO o.a.j.JMeter: java.vm.name=Java HotSpot(TM) 64-Bit Server VM
2019-12-19 11:25:51,253 INFO o.a.j.JMeter: os.name=Mac OS X
2019-12-19 11:25:51,253 INFO o.a.j.JMeter: os.arch=x86_64
2019-12-19 11:25:51,253 INFO o.a.j.JMeter: os.version=10.14.6
2019-12-19 11:25:51,253 INFO o.a.j.JMeter: file.encoding=UTF-8
2019-12-19 11:25:51,253 INFO o.a.j.JMeter: java.awt.headless=true
2019-12-19 11:25:51,253 INFO o.a.j.JMeter: Max memory     =1073741824
2019-12-19 11:25:51,253 INFO o.a.j.JMeter: Available Processors =12
2019-12-19 11:25:51,256 INFO o.a.j.JMeter: Default Locale=English (EN)
2019-12-19 11:25:51,257 INFO o.a.j.JMeter: JMeter  Locale=English (EN)
2019-12-19 11:25:51,257 INFO o.a.j.JMeter: JMeterHome=/Applications/JMeter
2019-12-19 11:25:51,257 INFO o.a.j.JMeter: user.dir  =/Users/michaeldeller/Projects/tpc-poc/server-profiles/jmeter/opt/apache-jmeter/bin
2019-12-19 11:25:51,257 INFO o.a.j.JMeter: PWD       =/Users/michaeldeller/Projects/tpc-poc/server-profiles/jmeter/opt/apache-jmeter/bin
2019-12-19 11:25:51,258 INFO o.a.j.JMeter: IP: 192.168.1.5 Name: michaeldeller-r FullName: 192.168.1.5
2019-12-19 11:25:51,261 INFO o.a.j.s.FileServer: Default base='/Users/michaeldeller/Projects/tpc-poc/server-profiles/jmeter/opt/apache-jmeter/bin'
2019-12-19 11:25:51,264 INFO o.a.j.s.FileServer: Set new base='/Users/michaeldeller/Projects/tpc-poc/server-profiles/jmeter/opt/apache-jmeter/bin'
2019-12-19 11:25:51,350 INFO o.a.j.s.SaveService: Testplan (JMX) version: 2.2. Testlog (JTL) version: 2.2
2019-12-19 11:25:51,360 INFO o.a.j.s.SaveService: Using SaveService properties file encoding UTF-8
2019-12-19 11:25:51,363 INFO o.a.j.s.SaveService: Using SaveService properties version 5.0
2019-12-19 11:25:51,368 INFO o.a.j.s.SaveService: Loading file: authorization_code.jmx
2019-12-19 11:25:51,398 INFO o.a.j.p.h.c.CacheManager: Will only cache the following methods: [GET]
2019-12-19 11:25:51,399 INFO o.a.j.p.h.c.CookieManager: Settings: Delete null: true Check: true Allow variable: true Save: false Prefix: COOKIE_
2019-12-19 11:25:51,407 INFO o.a.j.p.h.s.HTTPSamplerBase: Parser for text/html is org.apache.jmeter.protocol.http.parser.LagartoBasedHtmlParser
2019-12-19 11:25:51,407 INFO o.a.j.p.h.s.HTTPSamplerBase: Parser for application/xhtml+xml is org.apache.jmeter.protocol.http.parser.LagartoBasedHtmlParser
2019-12-19 11:25:51,407 INFO o.a.j.p.h.s.HTTPSamplerBase: Parser for application/xml is org.apache.jmeter.protocol.http.parser.LagartoBasedHtmlParser
2019-12-19 11:25:51,407 INFO o.a.j.p.h.s.HTTPSamplerBase: Parser for text/xml is org.apache.jmeter.protocol.http.parser.LagartoBasedHtmlParser
2019-12-19 11:25:51,407 INFO o.a.j.p.h.s.HTTPSamplerBase: Parser for text/vnd.wap.wml is org.apache.jmeter.protocol.http.parser.RegexpHTMLParser
2019-12-19 11:25:51,407 INFO o.a.j.p.h.s.HTTPSamplerBase: Parser for text/css is org.apache.jmeter.protocol.http.parser.CssParser
2019-12-19 11:25:51,427 INFO o.a.j.s.SampleResult: Note: Sample TimeStamps are START times
2019-12-19 11:25:51,427 INFO o.a.j.s.SampleResult: sampleresult.default.encoding is set to ISO-8859-1
2019-12-19 11:25:51,427 INFO o.a.j.s.SampleResult: sampleresult.useNanoTime=true
2019-12-19 11:25:51,427 INFO o.a.j.s.SampleResult: sampleresult.nanoThreadSleep=5000
2019-12-19 11:25:51,446 INFO o.a.j.JMeter: Creating summariser <summary>
2019-12-19 11:25:51,450 INFO o.a.j.e.StandardJMeterEngine: Running the test!
2019-12-19 11:25:51,451 INFO o.a.j.s.SampleEvent: List of sample_variables: []
2019-12-19 11:25:51,451 INFO o.a.j.s.SampleEvent: List of sample_variables: []
2019-12-19 11:25:51,455 INFO o.a.j.e.u.CompoundVariable: Note: Function class names must contain the string: '.functions.'
2019-12-19 11:25:51,455 INFO o.a.j.e.u.CompoundVariable: Note: Function class names must not contain the string: '.gui.'
2019-12-19 11:25:51,707 INFO o.a.j.JMeter: Running test (1576772751707)
2019-12-19 11:25:51,736 INFO o.a.j.e.StandardJMeterEngine: Starting ThreadGroup: 1 : Visitors
2019-12-19 11:25:51,736 INFO o.a.j.e.StandardJMeterEngine: Starting 10 threads for group Visitors.
2019-12-19 11:25:51,736 INFO o.a.j.e.StandardJMeterEngine: Thread will start next loop on error
2019-12-19 11:25:51,736 INFO o.a.j.t.ThreadGroup: Starting thread group... number=1 threads=10 ramp-up=0 delayedStart=false
2019-12-19 11:25:51,744 INFO o.a.j.t.JMeterThread: Thread started: Visitors 1-1
2019-12-19 11:25:51,744 INFO o.a.j.t.JMeterThread: Thread started: Visitors 1-3
2019-12-19 11:25:51,744 INFO o.a.j.t.JMeterThread: Thread started: Visitors 1-2
2019-12-19 11:25:51,746 INFO o.a.j.t.JMeterThread: Thread started: Visitors 1-4
2019-12-19 11:25:51,746 INFO o.a.j.t.JMeterThread: Thread started: Visitors 1-5
2019-12-19 11:25:51,747 INFO o.a.j.t.JMeterThread: Thread started: Visitors 1-6
2019-12-19 11:25:51,748 INFO o.a.j.t.JMeterThread: Thread started: Visitors 1-7
2019-12-19 11:25:51,749 INFO o.a.j.t.JMeterThread: Thread started: Visitors 1-8
2019-12-19 11:25:51,750 INFO o.a.j.t.JMeterThread: Thread started: Visitors 1-9
2019-12-19 11:25:51,750 INFO o.a.j.t.ThreadGroup: Started thread group number 1
2019-12-19 11:25:51,751 INFO o.a.j.e.StandardJMeterEngine: All thread groups have been started
2019-12-19 11:25:51,751 INFO o.a.j.t.JMeterThread: Thread started: Visitors 1-10
2019-12-19 11:25:51,760 INFO o.a.j.p.h.s.HTTPHCAbstractImpl: Local host = michaeldeller-r
2019-12-19 11:25:51,765 INFO o.a.j.p.h.s.HTTPHC4Impl: HTTP request retry count = 0
2019-12-19 11:25:51,888 INFO o.a.j.p.h.s.h.LazyLayeredConnectionSocketFactory: Setting up HTTPS TrustAll Socket Factory
2019-12-19 11:25:51,893 INFO o.a.j.u.JsseSSLManager: Using default SSL protocol: TLS
2019-12-19 11:25:51,893 INFO o.a.j.u.JsseSSLManager: SSL session context: per-thread
2019-12-19 11:25:52,110 INFO o.a.j.u.SSLManager: JmeterKeyStore Location:  type JKS
2019-12-19 11:25:52,111 INFO o.a.j.u.SSLManager: KeyStore created OK
2019-12-19 11:25:52,112 WARN o.a.j.u.SSLManager: Keystore file not found, loading empty keystore
2019-12-19 11:26:00,034 INFO o.a.j.r.Summariser: summary +    134 in 00:00:08 =   16.1/s Avg:   562 Min:   226 Max:   907 Err:     0 (0.00%) Active: 10 Started: 10 Finished: 0
2019-12-19 11:26:30,001 INFO o.a.j.r.Summariser: summary +    617 in 00:00:30 =   20.6/s Avg:   487 Min:   226 Max:   773 Err:     0 (0.00%) Active: 10 Started: 10 Finished: 0
2019-12-19 11:26:30,002 INFO o.a.j.r.Summariser: summary =    751 in 00:00:38 =   19.6/s Avg:   501 Min:   226 Max:   907 Err:     0 (0.00%)
2019-12-19 11:27:00,075 INFO o.a.j.r.Summariser: summary +    621 in 00:00:30 =   20.6/s Avg:   483 Min:   225 Max:   741 Err:     0 (0.00%) Active: 10 Started: 10 Finished: 0
2019-12-19 11:27:00,075 INFO o.a.j.r.Summariser: summary =   1372 in 00:01:08 =   20.1/s Avg:   493 Min:   225 Max:   907 Err:     0 (0.00%)
2019-12-19 11:27:30,004 INFO o.a.j.r.Summariser: summary +    611 in 00:00:30 =   20.4/s Avg:   488 Min:   225 Max:   793 Err:     0 (0.00%) Active: 10 Started: 10 Finished: 0
2019-12-19 11:27:30,005 INFO o.a.j.r.Summariser: summary =   1983 in 00:01:38 =   20.2/s Avg:   491 Min:   225 Max:   907 Err:     0 (0.00%)
2019-12-19 11:28:00,052 INFO o.a.j.r.Summariser: summary +    617 in 00:00:30 =   20.5/s Avg:   487 Min:   223 Max:   993 Err:     0 (0.00%) Active: 10 Started: 10 Finished: 0
2019-12-19 11:28:00,053 INFO o.a.j.r.Summariser: summary =   2600 in 00:02:08 =   20.3/s Avg:   490 Min:   223 Max:   993 Err:     0 (0.00%)
2019-12-19 11:28:30,112 INFO o.a.j.r.Summariser: summary +    623 in 00:00:30 =   20.7/s Avg:   480 Min:   223 Max:   720 Err:     0 (0.00%) Active: 10 Started: 10 Finished: 0
2019-12-19 11:28:30,112 INFO o.a.j.r.Summariser: summary =   3223 in 00:02:38 =   20.3/s Avg:   488 Min:   223 Max:   993 Err:     0 (0.00%)
2019-12-19 11:29:00,023 INFO o.a.j.r.Summariser: summary +    612 in 00:00:30 =   20.5/s Avg:   490 Min:   223 Max:   919 Err:     0 (0.00%) Active: 10 Started: 10 Finished: 0
2019-12-19 11:29:00,024 INFO o.a.j.r.Summariser: summary =   3835 in 00:03:08 =   20.4/s Avg:   488 Min:   223 Max:   993 Err:     0 (0.00%)
2019-12-19 11:29:30,038 INFO o.a.j.r.Summariser: summary +    628 in 00:00:30 =   20.9/s Avg:   478 Min:   223 Max:   756 Err:     0 (0.00%) Active: 10 Started: 10 Finished: 0
2019-12-19 11:29:30,038 INFO o.a.j.r.Summariser: summary =   4463 in 00:03:38 =   20.4/s Avg:   487 Min:   223 Max:   993 Err:     0 (0.00%)
2019-12-19 11:30:00,021 INFO o.a.j.r.Summariser: summary +    627 in 00:00:30 =   20.9/s Avg:   475 Min:   224 Max:   735 Err:     0 (0.00%) Active: 10 Started: 10 Finished: 0
2019-12-19 11:30:00,021 INFO o.a.j.r.Summariser: summary =   5090 in 00:04:08 =   20.5/s Avg:   485 Min:   223 Max:   993 Err:     0 (0.00%)
2019-12-19 11:30:30,011 INFO o.a.j.r.Summariser: summary +    623 in 00:00:30 =   20.8/s Avg:   480 Min:   221 Max:   740 Err:     0 (0.00%) Active: 10 Started: 10 Finished: 0
2019-12-19 11:30:30,011 INFO o.a.j.r.Summariser: summary =   5713 in 00:04:38 =   20.5/s Avg:   485 Min:   221 Max:   993 Err:     0 (0.00%)
2019-12-19 11:30:51,769 INFO o.a.j.t.JMeterThread: Stopping because end time detected by thread: Visitors 1-3
2019-12-19 11:30:51,769 INFO o.a.j.t.JMeterThread: Thread finished: Visitors 1-3
2019-12-19 11:30:51,867 INFO o.a.j.t.JMeterThread: Stopping because end time detected by thread: Visitors 1-8
2019-12-19 11:30:51,867 INFO o.a.j.t.JMeterThread: Thread finished: Visitors 1-8
2019-12-19 11:30:51,879 INFO o.a.j.t.JMeterThread: Stopping because end time detected by thread: Visitors 1-1
2019-12-19 11:30:51,879 INFO o.a.j.t.JMeterThread: Thread finished: Visitors 1-1
2019-12-19 11:30:51,943 INFO o.a.j.t.JMeterThread: Stopping because end time detected by thread: Visitors 1-10
2019-12-19 11:30:51,943 INFO o.a.j.t.JMeterThread: Thread finished: Visitors 1-10
2019-12-19 11:30:51,967 INFO o.a.j.t.JMeterThread: Stopping because end time detected by thread: Visitors 1-6
2019-12-19 11:30:51,967 INFO o.a.j.t.JMeterThread: Thread finished: Visitors 1-6
2019-12-19 11:30:51,983 INFO o.a.j.t.JMeterThread: Stopping because end time detected by thread: Visitors 1-7
2019-12-19 11:30:51,984 INFO o.a.j.t.JMeterThread: Thread finished: Visitors 1-7
2019-12-19 11:30:52,008 INFO o.a.j.t.JMeterThread: Stopping because end time detected by thread: Visitors 1-9
2019-12-19 11:30:52,008 INFO o.a.j.t.JMeterThread: Thread finished: Visitors 1-9
2019-12-19 11:30:52,060 INFO o.a.j.t.JMeterThread: Stopping because end time detected by thread: Visitors 1-2
2019-12-19 11:30:52,060 INFO o.a.j.t.JMeterThread: Thread finished: Visitors 1-2
2019-12-19 11:30:52,102 INFO o.a.j.t.JMeterThread: Stopping because end time detected by thread: Visitors 1-4
2019-12-19 11:30:52,102 INFO o.a.j.t.JMeterThread: Thread finished: Visitors 1-4
2019-12-19 11:30:52,137 INFO o.a.j.t.JMeterThread: Stopping because end time detected by thread: Visitors 1-5
2019-12-19 11:30:52,138 INFO o.a.j.t.JMeterThread: Thread finished: Visitors 1-5
2019-12-19 11:30:52,138 INFO o.a.j.e.StandardJMeterEngine: Notifying test listeners of end of test
2019-12-19 11:30:52,139 INFO o.a.j.r.Summariser: summary +    468 in 00:00:22 =   21.1/s Avg:   474 Min:   223 Max:   707 Err:     0 (0.00%) Active: 0 Started: 10 Finished: 10
2019-12-19 11:30:52,139 INFO o.a.j.r.Summariser: summary =   6181 in 00:05:00 =   20.6/s Avg:   484 Min:   221 Max:   993 Err:     0 (0.00%)
